[2026-03-23 12:38:16] [QUEUED] Offline queue: 220503 | {"name": "Jay Mehta", "mode": "fingerprint", "reason": "MSSQL library not available"}
[2026-03-23 12:38:16] [QUEUED] Offline queue: 220503 | {"name": "Jay Mehta", "mode": "fingerprint", "reason": "MSSQL library not available"}
[2026-03-23 12:38:17] [QUEUED] Offline queue: 220503 | {"name": "Jay Mehta", "mode": "fingerprint", "reason": "MSSQL library not available"}
[2026-03-23 12:38:17] [QUEUED] Offline queue: 220503 | {"name": "Jay Mehta", "mode": "fingerprint", "reason": "MSSQL library not available"}
[2026-03-23 12:38:19] [QUEUED] Offline queue: 220503 | {"name": "Jay Mehta", "mode": "fingerprint", "reason": "MSSQL library not available"}
[2026-03-23 12:38:19] [QUEUED] Offline queue: 220503 | {"name": "Jay Mehta", "mode": "fingerprint", "reason": "MSSQL library not available"}
[2026-03-23 12:38:20] [QUEUED] Offline queue: 220503 | {"name": "Jay Mehta", "mode": "fingerprint", "reason": "MSSQL library not available"}
[2026-03-23 12:38:20] [QUEUED] Offline queue: 220503 | {"name": "Jay Mehta", "mode": "fingerprint", "reason": "MSSQL library not available"}
[2026-03-23 12:39:44] [QUEUED] Offline queue: 220503 | {"name": "Jay Mehta", "mode": "face", "reason": "MSSQL library not available"}
[2026-03-23 12:39:44] [QUEUED] Offline queue: 220503 | {"name": "Jay Mehta", "mode": "face", "reason": "MSSQL library not available"}
[2026-03-23 12:39:44] [QUEUED] Offline queue: 220503 | {"name": "Jay Mehta", "mode": "face", "reason": "MSSQL library not available"}
[2026-03-23 12:39:44] [QUEUED] Offline queue: 220503 | {"name": "Jay Mehta", "mode": "face", "reason": "MSSQL library not available"}
[2026-03-23 12:39:44] [QUEUED] Offline queue: 220503 | {"name": "Jay Mehta", "mode": "face", "reason": "MSSQL library not available"}
[2026-03-23 12:39:47] [QUEUED] Offline queue: 220503 | {"name": "Jay Mehta", "mode": "face", "reason": "MSSQL library not available"}
[2026-03-23 12:39:47] [QUEUED] Offline queue: 220503 | {"name": "Jay Mehta", "mode": "face", "reason": "MSSQL library not available"}
[2026-03-23 12:39:47] [QUEUED] Offline queue: 220503 | {"name": "Jay Mehta", "mode": "face", "reason": "MSSQL library not available"}
[2026-03-23 12:39:47] [QUEUED] Offline queue: 220503 | {"name": "Jay Mehta", "mode": "face", "reason": "MSSQL library not available"}
[2026-03-23 12:39:47] [QUEUED] Offline queue: 220503 | {"name": "Jay Mehta", "mode": "face", "reason": "MSSQL library not available"}
[2026-03-23 12:39:47] [QUEUED] Offline queue: 220503 | {"name": "Jay Mehta", "mode": "face", "reason": "MSSQL library not available"}
[2026-03-23 12:39:48] [QUEUED] Offline queue: 220503 | {"name": "Jay Mehta", "mode": "face", "reason": "MSSQL library not available"}
[2026-03-23 12:39:48] [QUEUED] Offline queue: 220503 | {"name": "Jay Mehta", "mode": "face", "reason": "MSSQL library not available"}
[2026-03-23 12:39:48] [QUEUED] Offline queue: 220503 | {"name": "Jay Mehta", "mode": "face", "reason": "MSSQL library not available"}
[2026-03-23 12:39:48] [QUEUED] Offline queue: 220503 | {"name": "Jay Mehta", "mode": "face", "reason": "MSSQL library not available"}
[2026-03-23 12:39:48] [QUEUED] Offline queue: 220503 | {"name": "Jay Mehta", "mode": "face", "reason": "MSSQL library not available"}
[2026-03-23 12:39:49] [QUEUED] Offline queue: 220503 | {"name": "Jay Mehta", "mode": "face", "reason": "MSSQL library not available"}
[2026-03-23 12:39:49] [QUEUED] Offline queue: 220503 | {"name": "Jay Mehta", "mode": "face", "reason": "MSSQL library not available"}
[2026-03-23 12:39:49] [QUEUED] Offline queue: 220503 | {"name": "Jay Mehta", "mode": "face", "reason": "MSSQL library not available"}
[2026-03-23 12:39:49] [QUEUED] Offline queue: 220503 | {"name": "Jay Mehta", "mode": "face", "reason": "MSSQL library not available"}
[2026-03-23 12:39:49] [QUEUED] Offline queue: 220503 | {"name": "Jay Mehta", "mode": "face", "reason": "MSSQL library not available"}
[2026-03-23 12:39:49] [QUEUED] Offline queue: 220503 | {"name": "Jay Mehta", "mode": "face", "reason": "MSSQL library not available"}
[2026-03-23 12:39:50] [QUEUED] Offline queue: 220503 | {"name": "Jay Mehta", "mode": "face", "reason": "MSSQL library not available"}
[2026-03-23 12:39:50] [QUEUED] Offline queue: 220503 | {"name": "Jay Mehta", "mode": "face", "reason": "MSSQL library not available"}
[2026-03-23 12:39:50] [QUEUED] Offline queue: 220503 | {"name": "Jay Mehta", "mode": "face", "reason": "MSSQL library not available"}
[2026-03-23 12:39:50] [QUEUED] Offline queue: 220503 | {"name": "Jay Mehta", "mode": "face", "reason": "MSSQL library not available"}
[2026-03-23 12:39:50] [QUEUED] Offline queue: 220503 | {"name": "Jay Mehta", "mode": "face", "reason": "MSSQL library not available"}
[2026-03-23 12:39:51] [QUEUED] Offline queue: 220503 | {"name": "Jay Mehta", "mode": "face", "reason": "MSSQL library not available"}
[2026-03-23 12:39:51] [QUEUED] Offline queue: 220503 | {"name": "Jay Mehta", "mode": "face", "reason": "MSSQL library not available"}
[2026-03-23 12:39:51] [QUEUED] Offline queue: 220503 | {"name": "Jay Mehta", "mode": "face", "reason": "MSSQL library not available"}
[2026-03-23 12:39:51] [QUEUED] Offline queue: 220503 | {"name": "Jay Mehta", "mode": "face", "reason": "MSSQL library not available"}
[2026-03-23 12:39:51] [QUEUED] Offline queue: 220503 | {"name": "Jay Mehta", "mode": "face", "reason": "MSSQL library not available"}
[2026-03-23 12:39:51] [QUEUED] Offline queue: 220503 | {"name": "Jay Mehta", "mode": "face", "reason": "MSSQL library not available"}
[2026-03-23 12:39:51] [QUEUED] Offline queue: 220503 | {"name": "Jay Mehta", "mode": "face", "reason": "MSSQL library not available"}
[2026-03-23 12:39:51] [QUEUED] Offline queue: 220503 | {"name": "Jay Mehta", "mode": "face", "reason": "MSSQL library not available"}
[2026-03-23 12:39:51] [QUEUED] Offline queue: 220503 | {"name": "Jay Mehta", "mode": "face", "reason": "MSSQL library not available"}
[2026-03-23 12:39:52] [QUEUED] Offline queue: 220503 | {"name": "Jay Mehta", "mode": "face", "reason": "MSSQL library not available"}
[2026-03-23 12:39:52] [QUEUED] Offline queue: 220503 | {"name": "Jay Mehta", "mode": "face", "reason": "MSSQL library not available"}
[2026-03-23 12:39:52] [QUEUED] Offline queue: 220503 | {"name": "Jay Mehta", "mode": "face", "reason": "MSSQL library not available"}
[2026-03-23 12:39:52] [QUEUED] Offline queue: 220503 | {"name": "Jay Mehta", "mode": "face", "reason": "MSSQL library not available"}
[2026-03-23 12:39:52] [QUEUED] Offline queue: 220503 | {"name": "Jay Mehta", "mode": "face", "reason": "MSSQL library not available"}
[2026-03-23 12:39:52] [QUEUED] Offline queue: 220503 | {"name": "Jay Mehta", "mode": "face", "reason": "MSSQL library not available"}
[2026-03-23 12:39:52] [QUEUED] Offline queue: 220503 | {"name": "Jay Mehta", "mode": "face", "reason": "MSSQL library not available"}
[2026-03-23 12:39:52] [QUEUED] Offline queue: 220503 | {"name": "Jay Mehta", "mode": "face", "reason": "MSSQL library not available"}
[2026-03-23 12:39:52] [QUEUED] Offline queue: 220503 | {"name": "Jay Mehta", "mode": "face", "reason": "MSSQL library not available"}
[2026-03-23 12:39:52] [QUEUED] Offline queue: 220503 | {"name": "Jay Mehta", "mode": "face", "reason": "MSSQL library not available"}
[2026-03-23 12:39:52] [QUEUED] Offline queue: 220503 | {"name": "Jay Mehta", "mode": "face", "reason": "MSSQL library not available"}
[2026-03-23 12:39:52] [QUEUED] Offline queue: 220503 | {"name": "Jay Mehta", "mode": "face", "reason": "MSSQL library not available"}
[2026-03-23 12:39:53] [QUEUED] Offline queue: 220503 | {"name": "Jay Mehta", "mode": "face", "reason": "MSSQL library not available"}
[2026-03-23 12:39:53] [QUEUED] Offline queue: 220503 | {"name": "Jay Mehta", "mode": "face", "reason": "MSSQL library not available"}
[2026-03-23 12:39:53] [QUEUED] Offline queue: 220503 | {"name": "Jay Mehta", "mode": "face", "reason": "MSSQL library not available"}
[2026-03-23 12:39:53] [QUEUED] Offline queue: 220503 | {"name": "Jay Mehta", "mode": "face", "reason": "MSSQL library not available"}
[2026-03-23 12:39:53] [QUEUED] Offline queue: 220503 | {"name": "Jay Mehta", "mode": "face", "reason": "MSSQL library not available"}
[2026-03-23 12:39:53] [QUEUED] Offline queue: 220503 | {"name": "Jay Mehta", "mode": "face", "reason": "MSSQL library not available"}
[2026-03-23 12:39:53] [QUEUED] Offline queue: 220503 | {"name": "Jay Mehta", "mode": "face", "reason": "MSSQL library not available"}
[2026-03-23 12:39:53] [QUEUED] Offline queue: 220503 | {"name": "Jay Mehta", "mode": "face", "reason": "MSSQL library not available"}
[2026-03-23 12:39:53] [QUEUED] Offline queue: 220503 | {"name": "Jay Mehta", "mode": "face", "reason": "MSSQL library not available"}
[2026-03-23 12:39:53] [QUEUED] Offline queue: 220503 | {"name": "Jay Mehta", "mode": "face", "reason": "MSSQL library not available"}
[2026-03-23 12:39:53] [QUEUED] Offline queue: 220503 | {"name": "Jay Mehta", "mode": "face", "reason": "MSSQL library not available"}
[2026-03-23 12:39:55] [QUEUED] Offline queue: 220503 | {"name": "Jay Mehta", "mode": "face", "reason": "MSSQL library not available"}
[2026-03-23 12:39:55] [QUEUED] Offline queue: 220503 | {"name": "Jay Mehta", "mode": "face", "reason": "MSSQL library not available"}
[2026-03-23 12:39:56] [QUEUED] Offline queue: 220503 | {"name": "Jay Mehta", "mode": "face", "reason": "MSSQL library not available"}
[2026-03-23 12:39:56] [QUEUED] Offline queue: 220503 | {"name": "Jay Mehta", "mode": "face", "reason": "MSSQL library not available"}
[2026-03-23 12:39:56] [QUEUED] Offline queue: 220503 | {"name": "Jay Mehta", "mode": "face", "reason": "MSSQL library not available"}
[2026-03-23 12:39:58] [QUEUED] Offline queue: 220503 | {"name": "Jay Mehta", "mode": "rfid", "reason": "MSSQL library not available"}
[2026-03-23 12:39:58] [QUEUED] Offline queue: 220503 | {"name": "Jay Mehta", "mode": "rfid", "reason": "MSSQL library not available"}
[2026-03-23 12:39:58] [QUEUED] Offline queue: 220503 | {"name": "", "mode": "rfid", "reason": "MSSQL library not available"}
[2026-03-23 12:39:59] [QUEUED] Offline queue: 220503 | {"name": "Jay Mehta", "mode": "rfid", "reason": "MSSQL library not available"}
[2026-03-23 12:39:59] [QUEUED] Offline queue: 220503 | {"name": "Jay Mehta", "mode": "rfid", "reason": "MSSQL library not available"}
[2026-03-23 12:40:00] [QUEUED] Offline queue: 220503 | {"name": "Jay Mehta", "mode": "rfid", "reason": "MSSQL library not available"}
[2026-03-23 12:40:01] [QUEUED] Offline queue: 220503 | {"name": "Jay Mehta", "mode": "rfid", "reason": "MSSQL library not available"}
[2026-03-23 12:40:01] [QUEUED] Offline queue: 220503 | {"name": "", "mode": "rfid", "reason": "MSSQL library not available"}
[2026-03-23 12:40:10] [QUEUED] Offline queue: 220503 | {"name": "Jay Mehta", "mode": "fingerprint", "reason": "MSSQL library not available"}
[2026-03-23 12:40:10] [QUEUED] Offline queue: 220503 | {"name": "Jay Mehta", "mode": "fingerprint", "reason": "MSSQL library not available"}
[2026-03-23 12:40:11] [QUEUED] Offline queue: 220503 | {"name": "Jay Mehta", "mode": "fingerprint", "reason": "MSSQL library not available"}
[2026-03-23 12:40:12] [QUEUED] Offline queue: 220503 | {"name": "Jay Mehta", "mode": "fingerprint", "reason": "MSSQL library not available"}
[2026-03-23 12:40:13] [QUEUED] Offline queue: 220503 | {"name": "Jay Mehta", "mode": "fingerprint", "reason": "MSSQL library not available"}
[2026-03-23 12:40:13] [QUEUED] Offline queue: 220503 | {"name": "Jay Mehta", "mode": "fingerprint", "reason": "MSSQL library not available"}
[2026-03-23 12:40:49] [QUEUED] Offline queue: 220503 | {"name": "Jay Mehta", "mode": "fingerprint", "reason": "MSSQL library not available"}
[2026-03-23 12:40:50] [QUEUED] Offline queue: 220503 | {"name": "Jay Mehta", "mode": "fingerprint", "reason": "MSSQL library not available"}
[2026-03-23 12:40:50] [QUEUED] Offline queue: 220503 | {"name": "Jay Mehta", "mode": "fingerprint", "reason": "MSSQL library not available"}
[2026-03-23 12:51:58] [QUEUED] Offline queue: 220503 | {"name": "Jay Mehta", "mode": "rfid", "reason": "MSSQL library not available"}
[2026-03-23 12:51:58] [QUEUED] Offline queue: 220503 | {"name": "Jay Mehta", "mode": "rfid", "reason": "MSSQL library not available"}
[2026-03-23 12:51:58] [QUEUED] Offline queue: 220503 | {"name": "Jay Mehta", "mode": "rfid", "reason": "MSSQL library not available"}
[2026-03-23 12:51:59] [QUEUED] Offline queue: 220503 | {"name": "Jay Mehta", "mode": "rfid", "reason": "MSSQL library not available"}
[2026-03-23 12:51:59] [QUEUED] Offline queue: 220503 | {"name": "", "mode": "rfid", "reason": "MSSQL library not available"}
[2026-03-23 12:51:59] [QUEUED] Offline queue: 220503 | {"name": "Jay Mehta", "mode": "rfid", "reason": "MSSQL library not available"}
[2026-03-23 12:52:07] [QUEUED] Offline queue: 22035 | {"name": "niki", "mode": "fingerprint", "reason": "MSSQL library not available"}
[2026-03-23 12:52:07] [QUEUED] Offline queue: 22035 | {"name": "niki", "mode": "fingerprint", "reason": "MSSQL library not available"}
[2026-03-23 12:52:09] [QUEUED] Offline queue: 22035 | {"name": "niki", "mode": "fingerprint", "reason": "MSSQL library not available"}
[2026-03-23 12:52:09] [QUEUED] Offline queue: 22035 | {"name": "niki", "mode": "fingerprint", "reason": "MSSQL library not available"}
[2026-03-23 12:52:11] [QUEUED] Offline queue: 22035 | {"name": "niki", "mode": "fingerprint", "reason": "MSSQL library not available"}
[2026-03-23 12:52:11] [QUEUED] Offline queue: 22035 | {"name": "niki", "mode": "fingerprint", "reason": "MSSQL library not available"}
[2026-03-23 12:52:15] [QUEUED] Offline queue: 22035 | {"name": "niki", "mode": "face", "reason": "MSSQL library not available"}
[2026-03-23 12:52:15] [QUEUED] Offline queue: 22035 | {"name": "niki", "mode": "face", "reason": "MSSQL library not available"}
[2026-03-23 12:52:15] [QUEUED] Offline queue: 22035 | {"name": "niki", "mode": "face", "reason": "MSSQL library not available"}
[2026-03-23 12:52:35] [QUEUED] Offline queue: 220503 | {"name": "Jay Mehta", "mode": "rfid", "reason": "MSSQL library not available"}
[2026-03-23 12:53:09] [QUEUED] Offline queue: 220503 | {"name": "Jay Mehta", "mode": "rfid", "reason": "MSSQL library not available"}
[2026-03-23 12:53:10] [QUEUED] Offline queue: 220503 | {"name": "Jay Mehta", "mode": "rfid", "reason": "MSSQL library not available"}
[2026-03-23 12:53:10] [QUEUED] Offline queue: 220503 | {"name": "", "mode": "rfid", "reason": "MSSQL library not available"}
[2026-03-23 12:53:10] [QUEUED] Offline queue: 220503 | {"name": "Jay Mehta", "mode": "rfid", "reason": "MSSQL library not available"}
[2026-03-23 12:53:26] [QUEUED] Offline queue: 220503 | {"name": "Jay Mehta", "mode": "rfid", "reason": "MSSQL library not available"}
[2026-03-23 12:53:26] [QUEUED] Offline queue: 220503 | {"name": "Jay Mehta", "mode": "rfid", "reason": "MSSQL library not available"}
[2026-03-23 12:53:26] [QUEUED] Offline queue: 220503 | {"name": "Jay Mehta", "mode": "rfid", "reason": "MSSQL library not available"}
[2026-03-23 12:54:02] [QUEUED] Offline queue: 220503 | {"name": "Jay Mehta", "mode": "rfid", "reason": "MSSQL library not available"}
[2026-03-23 12:54:03] [QUEUED] Offline queue: 220503 | {"name": "Jay Mehta", "mode": "rfid", "reason": "MSSQL library not available"}
[2026-03-23 12:54:03] [QUEUED] Offline queue: 220503 | {"name": "Jay Mehta", "mode": "rfid", "reason": "MSSQL library not available"}
[2026-03-23 12:54:04] [QUEUED] Offline queue: 220503 | {"name": "Jay Mehta", "mode": "rfid", "reason": "MSSQL library not available"}
[2026-03-23 12:55:12] [QUEUED] Offline queue: 220503 | {"name": "Jay Mehta", "mode": "rfid", "reason": "MSSQL library not available"}
[2026-03-23 12:55:12] [QUEUED] Offline queue: 220503 | {"name": "Jay Mehta", "mode": "rfid", "reason": "MSSQL library not available"}
[2026-03-23 12:55:12] [QUEUED] Offline queue: 220503 | {"name": "Jay Mehta", "mode": "rfid", "reason": "MSSQL library not available"}
[2026-03-23 12:55:15] [QUEUED] Offline queue: 220503 | {"name": "Jay Mehta", "mode": "rfid", "reason": "MSSQL library not available"}
[2026-03-23 12:55:15] [QUEUED] Offline queue: 220503 | {"name": "Jay Mehta", "mode": "rfid", "reason": "MSSQL library not available"}
[2026-03-23 12:55:26] [QUEUED] Offline queue: 220503 | {"name": "Jay Mehta", "mode": "rfid", "reason": "MSSQL library not available"}
[2026-03-23 12:55:48] [QUEUED] Offline queue: 220503 | {"name": "Jay Mehta", "mode": "rfid", "reason": "MSSQL library not available"}
[2026-03-23 12:55:49] [QUEUED] Offline queue: 220503 | {"name": "Jay Mehta", "mode": "rfid", "reason": "MSSQL library not available"}
[2026-03-23 12:55:49] [QUEUED] Offline queue: 220503 | {"name": "", "mode": "rfid", "reason": "MSSQL library not available"}
[2026-03-23 12:55:53] [QUEUED] Offline queue: 22035 | {"name": "niki", "mode": "fingerprint", "reason": "MSSQL library not available"}
[2026-03-23 12:55:53] [QUEUED] Offline queue: 22035 | {"name": "niki", "mode": "fingerprint", "reason": "MSSQL library not available"}
[2026-03-23 12:55:56] [QUEUED] Offline queue: 22035 | {"name": "niki", "mode": "face", "reason": "MSSQL library not available"}
[2026-03-23 12:55:56] [QUEUED] Offline queue: 22035 | {"name": "niki", "mode": "face", "reason": "MSSQL library not available"}
[2026-03-23 12:55:56] [QUEUED] Offline queue: 22035 | {"name": "niki", "mode": "face", "reason": "MSSQL library not available"}
[2026-03-23 12:56:05] [QUEUED] Offline queue: 220503 | {"name": "Jay Mehta", "mode": "rfid", "reason": "MSSQL library not available"}
[2026-03-23 12:56:07] [QUEUED] Offline queue: 220503 | {"name": "Jay Mehta", "mode": "rfid", "reason": "MSSQL library not available"}
[2026-03-23 12:56:10] [QUEUED] Offline queue: 220503 | {"name": "Jay Mehta", "mode": "rfid", "reason": "MSSQL library not available"}
[2026-03-23 12:56:14] [QUEUED] Offline queue: 22035 | {"name": "niki", "mode": "fingerprint", "reason": "MSSQL library not available"}
[2026-03-23 12:56:14] [QUEUED] Offline queue: 22035 | {"name": "niki", "mode": "fingerprint", "reason": "MSSQL library not available"}
[2026-03-23 12:56:15] [QUEUED] Offline queue: 22035 | {"name": "niki", "mode": "fingerprint", "reason": "MSSQL library not available"}
[2026-03-23 12:56:15] [QUEUED] Offline queue: 22035 | {"name": "niki", "mode": "fingerprint", "reason": "MSSQL library not available"}
[2026-03-23 13:06:15] [QUEUED] Offline queue: 220503 | {"name": "Jay Mehta", "mode": "rfid", "reason": "MSSQL library not available"}
[2026-03-23 13:06:15] [QUEUED] Offline queue: 220503 | {"name": "Jay Mehta", "mode": "rfid", "reason": "MSSQL library not available"}
[2026-03-23 13:06:16] [QUEUED] Offline queue: 220503 | {"name": "Jay Mehta", "mode": "rfid", "reason": "MSSQL library not available"}
[2026-03-23 13:06:16] [QUEUED] Offline queue: 220503 | {"name": "Jay Mehta", "mode": "rfid", "reason": "MSSQL library not available"}
[2026-03-23 13:06:16] [QUEUED] Offline queue: 220503 | {"name": "", "mode": "rfid", "reason": "MSSQL library not available"}
[2026-03-23 13:06:23] [QUEUED] Offline queue: 220503 | {"name": "Jay Mehta", "mode": "rfid", "reason": "MSSQL library not available"}
[2026-03-23 13:06:23] [QUEUED] Offline queue: 220503 | {"name": "Jay Mehta", "mode": "rfid", "reason": "MSSQL library not available"}
[2026-03-23 13:06:23] [QUEUED] Offline queue: 220503 | {"name": "Jay Mehta", "mode": "rfid", "reason": "MSSQL library not available"}
[2026-03-23 13:06:46] [QUEUED] Offline queue: 220503 | {"name": "Jay Mehta", "mode": "rfid", "reason": "MSSQL library not available"}
[2026-03-23 13:06:48] [QUEUED] Offline queue: 220503 | {"name": "Jay Mehta", "mode": "rfid", "reason": "MSSQL library not available"}
[2026-03-23 13:11:53] [QUEUED] Offline queue: 220503 | {"name": "Jay Mehta", "mode": "rfid", "reason": "MSSQL library not available"}
[2026-03-23 13:11:53] [QUEUED] Offline queue: 220503 | {"name": "Jay Mehta", "mode": "rfid", "reason": "MSSQL library not available"}
[2026-03-23 13:11:53] [QUEUED] Offline queue: 220503 | {"name": "Jay Mehta", "mode": "rfid", "reason": "MSSQL library not available"}
[2026-03-23 13:48:04] [QUEUED] Offline queue: 220503 | {"name": "Jay Mehta", "mode": "rfid", "reason": "MSSQL library not available"}
[2026-03-23 13:48:04] [QUEUED] Offline queue: 220503 | {"name": "Jay Mehta", "mode": "rfid", "reason": "MSSQL library not available"}
[2026-03-23 13:51:25] [QUEUED] Offline queue: 220503 | {"name": "Jay Mehta", "mode": "rfid", "reason": "MSSQL library not available"}
[2026-03-23 14:11:34] [QUEUED] Offline queue: 220503 | {"name": "Jay Mehta", "mode": "rfid", "reason": "MSSQL library not available"}
[2026-03-23 14:11:34] [QUEUED] Offline queue: 220503 | {"name": "Jay Mehta", "mode": "rfid", "reason": "MSSQL library not available"}
[2026-03-23 14:11:34] [QUEUED] Offline queue: 220503 | {"name": "", "mode": "rfid", "reason": "MSSQL library not available"}
[2026-03-23 14:29:13] [QUEUED] Offline queue: 6 | {"name": "Unknown", "mode": "fingerprint", "reason": "MSSQL library not available"}
[2026-03-23 14:29:13] [QUEUED] Offline queue: 6 | {"name": "Unknown", "mode": "fingerprint", "reason": "MSSQL library not available"}
[2026-03-23 14:29:15] [QUEUED] Offline queue: 6 | {"name": "Unknown", "mode": "fingerprint", "reason": "MSSQL library not available"}
[2026-03-23 14:29:15] [QUEUED] Offline queue: 6 | {"name": "Unknown", "mode": "fingerprint", "reason": "MSSQL library not available"}
[2026-03-23 14:29:16] [QUEUED] Offline queue: 6 | {"name": "Unknown", "mode": "fingerprint", "reason": "MSSQL library not available"}
[2026-03-23 14:29:16] [QUEUED] Offline queue: 6 | {"name": "Unknown", "mode": "fingerprint", "reason": "MSSQL library not available"}
[2026-03-23 14:34:05] [QUEUED] Offline queue: 220503 | {"name": "Jay Mehta", "mode": "rfid", "reason": "MSSQL library not available"}
[2026-03-23 14:34:05] [QUEUED] Offline queue: 220503 | {"name": "", "mode": "rfid", "reason": "MSSQL library not available"}
[2026-03-23 14:34:06] [QUEUED] Offline queue: 220503 | {"name": "Jay Mehta", "mode": "rfid", "reason": "MSSQL library not available"}
[2026-03-23 14:34:06] [QUEUED] Offline queue: 220503 | {"name": "Jay Mehta", "mode": "rfid", "reason": "MSSQL library not available"}
[2026-03-23 14:34:07] [QUEUED] Offline queue: 220503 | {"name": "Jay Mehta", "mode": "rfid", "reason": "MSSQL library not available"}
[2026-03-23 14:34:13] [QUEUED] Offline queue: 220503 | {"name": "Jay Mehta", "mode": "rfid", "reason": "MSSQL library not available"}
[2026-03-23 14:34:13] [QUEUED] Offline queue: 220503 | {"name": "Jay Mehta", "mode": "rfid", "reason": "MSSQL library not available"}
[2026-03-23 14:34:14] [QUEUED] Offline queue: 220503 | {"name": "Jay Mehta", "mode": "rfid", "reason": "MSSQL library not available"}
[2026-03-23 14:34:25] [QUEUED] Offline queue: 220503 | {"name": "Jay Mehta", "mode": "rfid", "reason": "MSSQL library not available"}
[2026-03-23 14:34:25] [QUEUED] Offline queue: 220503 | {"name": "Jay Mehta", "mode": "rfid", "reason": "MSSQL library not available"}
[2026-03-23 14:34:25] [QUEUED] Offline queue: 220503 | {"name": "", "mode": "rfid", "reason": "MSSQL library not available"}
[2026-03-23 14:34:30] [QUEUED] Offline queue: 220503 | {"name": "Jay Mehta", "mode": "rfid", "reason": "MSSQL library not available"}
[2026-03-23 14:34:43] [QUEUED] Offline queue: 220503 | {"name": "Jay Mehta", "mode": "rfid", "reason": "MSSQL library not available"}
[2026-03-23 14:34:44] [QUEUED] Offline queue: 220503 | {"name": "Jay Mehta", "mode": "rfid", "reason": "MSSQL library not available"}
[2026-03-23 14:35:01] [QUEUED] Offline queue: 6 | {"name": "Unknown", "mode": "fingerprint", "reason": "MSSQL library not available"}
[2026-03-23 14:35:09] [QUEUED] Offline queue: 220503 | {"name": "Jay Mehta", "mode": "rfid", "reason": "MSSQL library not available"}
[2026-03-23 14:36:24] [QUEUED] Offline queue: 220503 | {"name": "Jay Mehta", "mode": "rfid", "reason": "MSSQL library not available"}
[2026-03-23 14:36:24] [QUEUED] Offline queue: 220503 | {"name": "Jay Mehta", "mode": "rfid", "reason": "MSSQL library not available"}
[2026-03-23 14:36:31] [QUEUED] Offline queue: 6 | {"name": "Unknown", "mode": "fingerprint", "reason": "MSSQL library not available"}
[2026-03-23 14:36:45] [QUEUED] Offline queue: 220503 | {"name": "Jay Mehta", "mode": "rfid", "reason": "MSSQL library not available"}
[2026-03-23 14:36:45] [QUEUED] Offline queue: 220503 | {"name": "Jay Mehta", "mode": "rfid", "reason": "MSSQL library not available"}
[2026-03-23 14:36:46] [QUEUED] Offline queue: 220503 | {"name": "Jay Mehta", "mode": "rfid", "reason": "MSSQL library not available"}
[2026-03-23 14:36:46] [QUEUED] Offline queue: 220503 | {"name": "", "mode": "rfid", "reason": "MSSQL library not available"}
[2026-03-23 14:46:54] [QUEUED] Offline queue: 220503 | {"name": "Jay Mehta", "mode": "rfid", "reason": "MSSQL library not available"}
[2026-03-23 14:46:54] [QUEUED] Offline queue: 220503 | {"name": "Jay Mehta", "mode": "rfid", "reason": "MSSQL library not available"}
[2026-03-23 14:46:55] [QUEUED] Offline queue: 220503 | {"name": "Jay Mehta", "mode": "rfid", "reason": "MSSQL library not available"}
[2026-03-23 14:46:55] [QUEUED] Offline queue: 220503 | {"name": "", "mode": "rfid", "reason": "MSSQL library not available"}
[2026-03-23 14:46:55] [QUEUED] Offline queue: 220503 | {"name": "Jay Mehta", "mode": "rfid", "reason": "MSSQL library not available"}
[2026-03-23 14:46:56] [QUEUED] Offline queue: 220503 | {"name": "Jay Mehta", "mode": "rfid", "reason": "MSSQL library not available"}
[2026-03-23 14:46:56] [QUEUED] Offline queue: 220503 | {"name": "Jay Mehta", "mode": "rfid", "reason": "MSSQL library not available"}
[2026-03-23 14:46:59] [QUEUED] Offline queue: 6 | {"name": "Unknown", "mode": "fingerprint", "reason": "MSSQL library not available"}
[2026-03-23 14:46:59] [QUEUED] Offline queue: 6 | {"name": "Unknown", "mode": "fingerprint", "reason": "MSSQL library not available"}
[2026-03-23 14:47:00] [QUEUED] Offline queue: 6 | {"name": "Unknown", "mode": "fingerprint", "reason": "MSSQL library not available"}
[2026-03-23 14:47:00] [QUEUED] Offline queue: 6 | {"name": "Unknown", "mode": "fingerprint", "reason": "MSSQL library not available"}
[2026-03-23 14:47:02] [QUEUED] Offline queue: 6 | {"name": "Unknown", "mode": "fingerprint", "reason": "MSSQL library not available"}
[2026-03-23 14:47:02] [QUEUED] Offline queue: 6 | {"name": "Unknown", "mode": "fingerprint", "reason": "MSSQL library not available"}
[2026-03-23 14:47:02] [QUEUED] Offline queue: 6 | {"name": "Unknown", "mode": "fingerprint", "reason": "MSSQL library not available"}
[2026-03-23 14:47:02] [QUEUED] Offline queue: 6 | {"name": "Unknown", "mode": "fingerprint", "reason": "MSSQL library not available"}
[2026-03-23 14:47:15] [QUEUED] Offline queue: 220503 | {"name": "Jay Mehta", "mode": "rfid", "reason": "MSSQL library not available"}
[2026-03-23 14:47:15] [QUEUED] Offline queue: 220503 | {"name": "Jay Mehta", "mode": "rfid", "reason": "MSSQL library not available"}
[2026-03-23 14:47:15] [QUEUED] Offline queue: 220503 | {"name": "Jay Mehta", "mode": "rfid", "reason": "MSSQL library not available"}
[2026-03-23 14:47:15] [QUEUED] Offline queue: 220503 | {"name": "Jay Mehta", "mode": "rfid", "reason": "MSSQL library not available"}
[2026-03-23 14:47:15] [QUEUED] Offline queue: 220503 | {"name": "Jay Mehta", "mode": "rfid", "reason": "MSSQL library not available"}
[2026-03-23 14:47:16] [QUEUED] Offline queue: 220503 | {"name": "Jay Mehta", "mode": "rfid", "reason": "MSSQL library not available"}
[2026-03-23 14:47:34] [QUEUED] Offline queue: 220503 | {"name": "Jay Mehta", "mode": "rfid", "reason": "MSSQL library not available"}
[2026-03-23 14:47:34] [QUEUED] Offline queue: 220503 | {"name": "Jay Mehta", "mode": "rfid", "reason": "MSSQL library not available"}
[2026-03-23 14:47:34] [QUEUED] Offline queue: 220503 | {"name": "Jay Mehta", "mode": "rfid", "reason": "MSSQL library not available"}
[2026-03-23 14:47:34] [QUEUED] Offline queue: 220503 | {"name": "Jay Mehta", "mode": "rfid", "reason": "MSSQL library not available"}
[2026-03-23 14:47:57] [QUEUED] Offline queue: 6 | {"name": "Unknown", "mode": "fingerprint", "reason": "MSSQL library not available"}
[2026-03-23 14:47:59] [QUEUED] Offline queue: 6 | {"name": "Unknown", "mode": "fingerprint", "reason": "MSSQL library not available"}
[2026-03-23 14:47:59] [QUEUED] Offline queue: 6 | {"name": "Unknown", "mode": "fingerprint", "reason": "MSSQL library not available"}
[2026-03-23 14:48:00] [QUEUED] Offline queue: 220503 | {"name": "Jay Mehta", "mode": "rfid", "reason": "MSSQL library not available"}
[2026-03-23 14:48:00] [QUEUED] Offline queue: 220503 | {"name": "Jay Mehta", "mode": "rfid", "reason": "MSSQL library not available"}
[2026-03-23 14:48:00] [QUEUED] Offline queue: 220503 | {"name": "Jay Mehta", "mode": "rfid", "reason": "MSSQL library not available"}
[2026-03-23 14:48:01] [QUEUED] Offline queue: 220503 | {"name": "Jay Mehta", "mode": "rfid", "reason": "MSSQL library not available"}
[2026-03-23 14:48:01] [QUEUED] Offline queue: 220503 | {"name": "", "mode": "rfid", "reason": "MSSQL library not available"}
[2026-03-23 14:48:01] [QUEUED] Offline queue: 220503 | {"name": "Jay Mehta", "mode": "rfid", "reason": "MSSQL library not available"}
[2026-03-23 14:48:01] [QUEUED] Offline queue: 220503 | {"name": "", "mode": "rfid", "reason": "MSSQL library not available"}
[2026-03-23 14:48:06] [QUEUED] Offline queue: 6 | {"name": "Unknown", "mode": "fingerprint", "reason": "MSSQL library not available"}
[2026-03-23 14:48:10] [QUEUED] Offline queue: 6 | {"name": "Unknown", "mode": "fingerprint", "reason": "MSSQL library not available"}
[2026-03-23 14:48:10] [QUEUED] Offline queue: 6 | {"name": "Unknown", "mode": "fingerprint", "reason": "MSSQL library not available"}
[2026-03-23 14:48:11] [QUEUED] Offline queue: 6 | {"name": "Unknown", "mode": "fingerprint", "reason": "MSSQL library not available"}
[2026-03-23 14:48:11] [QUEUED] Offline queue: 6 | {"name": "Unknown", "mode": "fingerprint", "reason": "MSSQL library not available"}
[2026-03-23 14:48:19] [QUEUED] Offline queue: 220503 | {"name": "Jay Mehta", "mode": "rfid", "reason": "MSSQL library not available"}
[2026-03-23 14:48:19] [QUEUED] Offline queue: 220503 | {"name": "Jay Mehta", "mode": "rfid", "reason": "MSSQL library not available"}
[2026-03-23 14:48:19] [QUEUED] Offline queue: 220503 | {"name": "Jay Mehta", "mode": "rfid", "reason": "MSSQL library not available"}
[2026-03-23 14:48:20] [QUEUED] Offline queue: 220503 | {"name": "Jay Mehta", "mode": "rfid", "reason": "MSSQL library not available"}
[2026-03-23 14:49:28] [QUEUED] Offline queue: 22035 | {"name": "niki", "mode": "fingerprint", "reason": "MSSQL library not available"}
[2026-03-23 14:49:30] [QUEUED] Offline queue: 22035 | {"name": "niki", "mode": "fingerprint", "reason": "MSSQL library not available"}
[2026-03-23 14:49:31] [QUEUED] Offline queue: 220503 | {"name": "Jay Mehta", "mode": "rfid", "reason": "MSSQL library not available"}
[2026-03-23 14:49:31] [QUEUED] Offline queue: 220503 | {"name": "Jay Mehta", "mode": "rfid", "reason": "MSSQL library not available"}
[2026-03-23 14:49:31] [QUEUED] Offline queue: 220503 | {"name": "Jay Mehta", "mode": "rfid", "reason": "MSSQL library not available"}
[2026-03-23 14:49:31] [QUEUED] Offline queue: 220503 | {"name": "Jay Mehta", "mode": "rfid", "reason": "MSSQL library not available"}
[2026-03-23 14:49:31] [QUEUED] Offline queue: 220503 | {"name": "Jay Mehta", "mode": "rfid", "reason": "MSSQL library not available"}
[2026-03-23 14:49:31] [QUEUED] Offline queue: 220503 | {"name": "", "mode": "rfid", "reason": "MSSQL library not available"}
[2026-03-23 14:49:32] [QUEUED] Offline queue: 220503 | {"name": "Jay Mehta", "mode": "rfid", "reason": "MSSQL library not available"}
[2026-03-23 14:49:32] [QUEUED] Offline queue: 220503 | {"name": "", "mode": "rfid", "reason": "MSSQL library not available"}
[2026-03-23 14:49:36] [QUEUED] Offline queue: 22035 | {"name": "niki", "mode": "fingerprint", "reason": "MSSQL library not available"}
[2026-03-23 14:49:38] [QUEUED] Offline queue: 22035 | {"name": "niki", "mode": "fingerprint", "reason": "MSSQL library not available"}
[2026-03-23 14:49:39] [QUEUED] Offline queue: 22035 | {"name": "niki", "mode": "fingerprint", "reason": "MSSQL library not available"}
[2026-03-23 14:49:39] [QUEUED] Offline queue: 22035 | {"name": "niki", "mode": "fingerprint", "reason": "MSSQL library not available"}
[2026-03-23 14:49:41] [QUEUED] Offline queue: 22035 | {"name": "niki", "mode": "fingerprint", "reason": "MSSQL library not available"}
[2026-03-23 14:50:06] [QUEUED] Offline queue: 220503 | {"name": "Jay Mehta", "mode": "rfid", "reason": "MSSQL library not available"}
[2026-03-23 14:50:07] [QUEUED] Offline queue: 220503 | {"name": "Jay Mehta", "mode": "rfid", "reason": "MSSQL library not available"}
[2026-03-23 14:50:07] [QUEUED] Offline queue: 220503 | {"name": "Jay Mehta", "mode": "rfid", "reason": "MSSQL library not available"}
[2026-03-23 14:50:07] [QUEUED] Offline queue: 220503 | {"name": "Jay Mehta", "mode": "rfid", "reason": "MSSQL library not available"}
[2026-03-23 14:50:07] [QUEUED] Offline queue: 220503 | {"name": "Jay Mehta", "mode": "rfid", "reason": "MSSQL library not available"}
[2026-03-23 14:50:07] [QUEUED] Offline queue: 220503 | {"name": "Jay Mehta", "mode": "rfid", "reason": "MSSQL library not available"}
[2026-03-23 14:50:11] [QUEUED] Offline queue: 220503 | {"name": "Jay Mehta", "mode": "rfid", "reason": "MSSQL library not available"}
[2026-03-23 14:50:12] [QUEUED] Offline queue: 220503 | {"name": "Jay Mehta", "mode": "rfid", "reason": "MSSQL library not available"}
[2026-03-23 14:50:12] [QUEUED] Offline queue: 220503 | {"name": "", "mode": "rfid", "reason": "MSSQL library not available"}
[2026-03-23 14:50:12] [QUEUED] Offline queue: 220503 | {"name": "Jay Mehta", "mode": "rfid", "reason": "MSSQL library not available"}
[2026-03-23 14:50:18] [QUEUED] Offline queue: 220503 | {"name": "Jay Mehta", "mode": "rfid", "reason": "MSSQL library not available"}
[2026-03-23 14:50:18] [QUEUED] Offline queue: 220503 | {"name": "Jay Mehta", "mode": "rfid", "reason": "MSSQL library not available"}
[2026-03-23 14:50:18] [QUEUED] Offline queue: 220503 | {"name": "Jay Mehta", "mode": "rfid", "reason": "MSSQL library not available"}
[2026-03-23 14:50:19] [QUEUED] Offline queue: 220503 | {"name": "Jay Mehta", "mode": "rfid", "reason": "MSSQL library not available"}
[2026-03-23 14:50:19] [QUEUED] Offline queue: 220503 | {"name": "Jay Mehta", "mode": "rfid", "reason": "MSSQL library not available"}
[2026-03-23 14:50:19] [QUEUED] Offline queue: 220503 | {"name": "Jay Mehta", "mode": "rfid", "reason": "MSSQL library not available"}
[2026-03-23 14:50:19] [QUEUED] Offline queue: 220503 | {"name": "Jay Mehta", "mode": "rfid", "reason": "MSSQL library not available"}
[2026-03-23 14:50:19] [QUEUED] Offline queue: 220503 | {"name": "Jay Mehta", "mode": "rfid", "reason": "MSSQL library not available"}
[2026-03-23 14:50:55] [QUEUED] Offline queue: 220503 | {"name": "Jay Mehta", "mode": "rfid", "reason": "MSSQL library not available"}
[2026-03-23 14:50:56] [QUEUED] Offline queue: 220503 | {"name": "Jay Mehta", "mode": "rfid", "reason": "MSSQL library not available"}
[2026-03-23 14:50:56] [QUEUED] Offline queue: 220503 | {"name": "Jay Mehta", "mode": "rfid", "reason": "MSSQL library not available"}
[2026-03-23 14:50:56] [QUEUED] Offline queue: 220503 | {"name": "", "mode": "rfid", "reason": "MSSQL library not available"}
[2026-03-23 14:51:26] [QUEUED] Offline queue: 22035 | {"name": "niki", "mode": "fingerprint", "reason": "MSSQL library not available"}
[2026-03-23 14:52:02] [QUEUED] Offline queue: 220503 | {"name": "Jay Mehta", "mode": "rfid", "reason": "MSSQL library not available"}
[2026-03-23 14:52:02] [QUEUED] Offline queue: 220503 | {"name": "Jay Mehta", "mode": "rfid", "reason": "MSSQL library not available"}
[2026-03-23 14:52:02] [QUEUED] Offline queue: 220503 | {"name": "Jay Mehta", "mode": "rfid", "reason": "MSSQL library not available"}
[2026-03-23 14:52:02] [QUEUED] Offline queue: 220503 | {"name": "Jay Mehta", "mode": "rfid", "reason": "MSSQL library not available"}
[2026-03-23 14:52:02] [QUEUED] Offline queue: 220503 | {"name": "Jay Mehta", "mode": "rfid", "reason": "MSSQL library not available"}
[2026-03-23 14:52:03] [QUEUED] Offline queue: 220503 | {"name": "Jay Mehta", "mode": "rfid", "reason": "MSSQL library not available"}
[2026-03-23 14:53:24] [QUEUED] Offline queue: 220503 | {"name": "Jay Mehta", "mode": "rfid", "reason": "MSSQL library not available"}
[2026-03-23 14:53:24] [QUEUED] Offline queue: 220503 | {"name": "Jay Mehta", "mode": "rfid", "reason": "MSSQL library not available"}
[2026-03-23 14:53:24] [QUEUED] Offline queue: 220503 | {"name": "Jay Mehta", "mode": "rfid", "reason": "MSSQL library not available"}
[2026-03-23 14:53:24] [QUEUED] Offline queue: 220503 | {"name": "Jay Mehta", "mode": "rfid", "reason": "MSSQL library not available"}
[2026-03-23 14:53:24] [QUEUED] Offline queue: 220503 | {"name": "Jay Mehta", "mode": "rfid", "reason": "MSSQL library not available"}
[2026-03-23 14:53:24] [QUEUED] Offline queue: 220503 | {"name": "", "mode": "rfid", "reason": "MSSQL library not available"}
[2026-03-23 15:27:43] [QUEUED] Offline queue: 220503 | {"name": "Jay Mehta", "mode": "rfid", "reason": "MSSQL library not available"}
[2026-03-23 15:27:44] [QUEUED] Offline queue: 220503 | {"name": "Jay Mehta", "mode": "rfid", "reason": "MSSQL library not available"}
[2026-03-23 15:27:44] [QUEUED] Offline queue: 220503 | {"name": "Jay Mehta", "mode": "rfid", "reason": "MSSQL library not available"}
[2026-03-23 15:27:44] [QUEUED] Offline queue: 220503 | {"name": "Jay Mehta", "mode": "rfid", "reason": "MSSQL library not available"}
[2026-03-23 15:27:45] [QUEUED] Offline queue: 220503 | {"name": "Jay Mehta", "mode": "rfid", "reason": "MSSQL library not available"}
[2026-03-23 15:27:45] [QUEUED] Offline queue: 220503 | {"name": "", "mode": "rfid", "reason": "MSSQL library not available"}
[2026-03-23 15:30:28] [QUEUED] Offline queue: 220503 | {"name": "Jay Mehta", "mode": "rfid", "reason": "MSSQL library not available"}
[2026-03-23 15:30:28] [QUEUED] Offline queue: 220503 | {"name": "Jay Mehta", "mode": "rfid", "reason": "MSSQL library not available"}
[2026-03-23 15:30:28] [QUEUED] Offline queue: 220503 | {"name": "Jay Mehta", "mode": "rfid", "reason": "MSSQL library not available"}
[2026-03-23 15:30:28] [QUEUED] Offline queue: 220503 | {"name": "Jay Mehta", "mode": "rfid", "reason": "MSSQL library not available"}
[2026-03-23 15:30:28] [QUEUED] Offline queue: 220503 | {"name": "", "mode": "rfid", "reason": "MSSQL library not available"}
[2026-03-23 15:30:28] [QUEUED] Offline queue: 220503 | {"name": "Jay Mehta", "mode": "rfid", "reason": "MSSQL library not available"}
[2026-03-23 15:30:28] [QUEUED] Offline queue: 220503 | {"name": "", "mode": "rfid", "reason": "MSSQL library not available"}
[2026-03-23 15:30:33] [QUEUED] Offline queue: 909 | {"name": "dhs", "mode": "fingerprint", "reason": "MSSQL library not available"}
[2026-03-23 15:30:34] [QUEUED] Offline queue: 909 | {"name": "dhs", "mode": "fingerprint", "reason": "MSSQL library not available"}
[2026-03-23 15:30:40] [QUEUED] Offline queue: 909 | {"name": "dhs", "mode": "fingerprint", "reason": "MSSQL library not available"}
[2026-03-23 15:30:41] [QUEUED] Offline queue: 909 | {"name": "dhs", "mode": "fingerprint", "reason": "MSSQL library not available"}
[2026-03-23 15:30:42] [QUEUED] Offline queue: 909 | {"name": "dhs", "mode": "fingerprint", "reason": "MSSQL library not available"}
[2026-03-23 15:30:42] [QUEUED] Offline queue: 909 | {"name": "dhs", "mode": "fingerprint", "reason": "MSSQL library not available"}
[2026-03-23 15:31:09] [QUEUED] Offline queue: 220503 | {"name": "Jay Mehta", "mode": "rfid", "reason": "MSSQL library not available"}
[2026-03-23 15:31:09] [QUEUED] Offline queue: 220503 | {"name": "Jay Mehta", "mode": "rfid", "reason": "MSSQL library not available"}
[2026-03-23 15:31:09] [QUEUED] Offline queue: 220503 | {"name": "Jay Mehta", "mode": "rfid", "reason": "MSSQL library not available"}
[2026-03-23 15:31:09] [QUEUED] Offline queue: 220503 | {"name": "Jay Mehta", "mode": "rfid", "reason": "MSSQL library not available"}
[2026-03-23 15:31:09] [QUEUED] Offline queue: 220503 | {"name": "Jay Mehta", "mode": "rfid", "reason": "MSSQL library not available"}
[2026-03-23 15:31:10] [QUEUED] Offline queue: 220503 | {"name": "Jay Mehta", "mode": "rfid", "reason": "MSSQL library not available"}
[2026-03-23 15:31:10] [QUEUED] Offline queue: 220503 | {"name": "Jay Mehta", "mode": "rfid", "reason": "MSSQL library not available"}
[2026-03-23 15:31:10] [QUEUED] Offline queue: 220503 | {"name": "Jay Mehta", "mode": "rfid", "reason": "MSSQL library not available"}
[2026-03-23 15:31:10] [QUEUED] Offline queue: 220503 | {"name": "Jay Mehta", "mode": "rfid", "reason": "MSSQL library not available"}
[2026-03-23 15:31:10] [QUEUED] Offline queue: 220503 | {"name": "", "mode": "rfid", "reason": "MSSQL library not available"}
[2026-03-23 15:31:10] [QUEUED] Offline queue: 220503 | {"name": "Jay Mehta", "mode": "rfid", "reason": "MSSQL library not available"}
[2026-03-23 15:31:10] [QUEUED] Offline queue: 220503 | {"name": "", "mode": "rfid", "reason": "MSSQL library not available"}
[2026-03-23 15:31:11] [QUEUED] Offline queue: 220503 | {"name": "Jay Mehta", "mode": "rfid", "reason": "MSSQL library not available"}
[2026-03-23 15:31:16] [QUEUED] Offline queue: 6 | {"name": "Unknown", "mode": "fingerprint", "reason": "MSSQL library not available"}
[2026-03-23 15:31:16] [QUEUED] Offline queue: 6 | {"name": "Unknown", "mode": "fingerprint", "reason": "MSSQL library not available"}
[2026-03-23 15:31:23] [QUEUED] Offline queue: 909 | {"name": "dhs", "mode": "fingerprint", "reason": "MSSQL library not available"}
[2026-03-23 15:31:23] [QUEUED] Offline queue: 909 | {"name": "dhs", "mode": "fingerprint", "reason": "MSSQL library not available"}
[2026-03-23 15:31:29] [QUEUED] Offline queue: 909 | {"name": "dhs", "mode": "fingerprint", "reason": "MSSQL library not available"}
[2026-03-23 15:31:30] [QUEUED] Offline queue: 909 | {"name": "dhs", "mode": "fingerprint", "reason": "MSSQL library not available"}
[2026-03-23 15:31:30] [QUEUED] Offline queue: 909 | {"name": "dhs", "mode": "fingerprint", "reason": "MSSQL library not available"}
[2026-03-23 15:31:31] [QUEUED] Offline queue: 909 | {"name": "dhs", "mode": "fingerprint", "reason": "MSSQL library not available"}
[2026-03-23 15:31:31] [QUEUED] Offline queue: 909 | {"name": "dhs", "mode": "fingerprint", "reason": "MSSQL library not available"}
[2026-03-23 15:31:34] [QUEUED] Offline queue: 220503 | {"name": "Jay Mehta", "mode": "rfid", "reason": "MSSQL library not available"}
[2026-03-23 15:31:34] [QUEUED] Offline queue: 220503 | {"name": "Jay Mehta", "mode": "rfid", "reason": "MSSQL library not available"}
[2026-03-23 15:31:34] [QUEUED] Offline queue: 220503 | {"name": "Jay Mehta", "mode": "rfid", "reason": "MSSQL library not available"}
[2026-03-23 15:31:34] [QUEUED] Offline queue: 220503 | {"name": "Jay Mehta", "mode": "rfid", "reason": "MSSQL library not available"}
[2026-03-23 15:31:35] [QUEUED] Offline queue: 220503 | {"name": "Jay Mehta", "mode": "rfid", "reason": "MSSQL library not available"}
[2026-03-23 15:31:35] [QUEUED] Offline queue: 220503 | {"name": "Jay Mehta", "mode": "rfid", "reason": "MSSQL library not available"}
[2026-03-23 15:31:35] [QUEUED] Offline queue: 220503 | {"name": "Jay Mehta", "mode": "rfid", "reason": "MSSQL library not available"}
[2026-03-23 15:31:35] [QUEUED] Offline queue: 220503 | {"name": "Jay Mehta", "mode": "rfid", "reason": "MSSQL library not available"}
[2026-03-23 15:31:35] [QUEUED] Offline queue: 220503 | {"name": "", "mode": "rfid", "reason": "MSSQL library not available"}
[2026-03-23 15:31:35] [QUEUED] Offline queue: 220503 | {"name": "Jay Mehta", "mode": "rfid", "reason": "MSSQL library not available"}
[2026-03-23 15:31:35] [QUEUED] Offline queue: 220503 | {"name": "", "mode": "rfid", "reason": "MSSQL library not available"}
[2026-03-23 15:31:36] [QUEUED] Offline queue: 909 | {"name": "dhs", "mode": "fingerprint", "reason": "MSSQL library not available"}
[2026-03-23 15:31:36] [QUEUED] Offline queue: 909 | {"name": "dhs", "mode": "fingerprint", "reason": "MSSQL library not available"}
[2026-03-23 15:31:36] [QUEUED] Offline queue: 220503 | {"name": "Jay Mehta", "mode": "rfid", "reason": "MSSQL library not available"}
[2026-03-23 15:31:37] [QUEUED] Offline queue: 220503 | {"name": "Jay Mehta", "mode": "rfid", "reason": "MSSQL library not available"}
[2026-03-23 15:31:37] [QUEUED] Offline queue: 909 | {"name": "dhs", "mode": "fingerprint", "reason": "MSSQL library not available"}
[2026-03-23 15:31:37] [QUEUED] Offline queue: 909 | {"name": "dhs", "mode": "fingerprint", "reason": "MSSQL library not available"}
[2026-03-23 15:31:37] [QUEUED] Offline queue: 220503 | {"name": "Jay Mehta", "mode": "rfid", "reason": "MSSQL library not available"}
[2026-03-23 15:31:38] [QUEUED] Offline queue: 220503 | {"name": "Jay Mehta", "mode": "rfid", "reason": "MSSQL library not available"}
[2026-03-23 15:31:38] [QUEUED] Offline queue: 220503 | {"name": "", "mode": "rfid", "reason": "MSSQL library not available"}
[2026-03-23 15:31:38] [QUEUED] Offline queue: 220503 | {"name": "Jay Mehta", "mode": "rfid", "reason": "MSSQL library not available"}
[2026-03-23 15:31:38] [QUEUED] Offline queue: 220503 | {"name": "Jay Mehta", "mode": "rfid", "reason": "MSSQL library not available"}
[2026-03-23 15:31:38] [QUEUED] Offline queue: 220503 | {"name": "", "mode": "rfid", "reason": "MSSQL library not available"}
[2026-03-23 15:31:39] [QUEUED] Offline queue: 909 | {"name": "dhs", "mode": "fingerprint", "reason": "MSSQL library not available"}
[2026-03-23 15:31:39] [QUEUED] Offline queue: 909 | {"name": "dhs", "mode": "fingerprint", "reason": "MSSQL library not available"}
[2026-03-23 15:31:39] [QUEUED] Offline queue: 220503 | {"name": "Jay Mehta", "mode": "rfid", "reason": "MSSQL library not available"}
[2026-03-23 15:31:39] [QUEUED] Offline queue: 220503 | {"name": "Jay Mehta", "mode": "rfid", "reason": "MSSQL library not available"}
[2026-03-23 15:31:40] [QUEUED] Offline queue: 220503 | {"name": "Jay Mehta", "mode": "rfid", "reason": "MSSQL library not available"}
[2026-03-23 15:31:40] [QUEUED] Offline queue: 220503 | {"name": "Jay Mehta", "mode": "rfid", "reason": "MSSQL library not available"}
[2026-03-23 15:31:41] [QUEUED] Offline queue: 909 | {"name": "dhs", "mode": "fingerprint", "reason": "MSSQL library not available"}
[2026-03-23 15:31:41] [QUEUED] Offline queue: 909 | {"name": "dhs", "mode": "fingerprint", "reason": "MSSQL library not available"}
[2026-03-23 15:31:41] [QUEUED] Offline queue: 220503 | {"name": "Jay Mehta", "mode": "rfid", "reason": "MSSQL library not available"}
[2026-03-23 15:31:41] [QUEUED] Offline queue: 220503 | {"name": "", "mode": "rfid", "reason": "MSSQL library not available"}
[2026-03-23 15:31:41] [QUEUED] Offline queue: 220503 | {"name": "Jay Mehta", "mode": "rfid", "reason": "MSSQL library not available"}
[2026-03-23 15:31:41] [QUEUED] Offline queue: 220503 | {"name": "", "mode": "rfid", "reason": "MSSQL library not available"}
[2026-03-23 15:31:42] [QUEUED] Offline queue: 220503 | {"name": "Jay Mehta", "mode": "rfid", "reason": "MSSQL library not available"}
[2026-03-23 15:31:42] [QUEUED] Offline queue: 909 | {"name": "dhs", "mode": "fingerprint", "reason": "MSSQL library not available"}
[2026-03-23 15:31:42] [QUEUED] Offline queue: 909 | {"name": "dhs", "mode": "fingerprint", "reason": "MSSQL library not available"}
[2026-03-23 15:31:42] [QUEUED] Offline queue: 220503 | {"name": "Jay Mehta", "mode": "rfid", "reason": "MSSQL library not available"}
[2026-03-23 15:31:43] [QUEUED] Offline queue: 220503 | {"name": "Jay Mehta", "mode": "rfid", "reason": "MSSQL library not available"}
[2026-03-23 15:31:43] [QUEUED] Offline queue: 909 | {"name": "dhs", "mode": "fingerprint", "reason": "MSSQL library not available"}
[2026-03-23 15:31:43] [QUEUED] Offline queue: 909 | {"name": "dhs", "mode": "fingerprint", "reason": "MSSQL library not available"}
[2026-03-23 15:31:43] [QUEUED] Offline queue: 220503 | {"name": "Jay Mehta", "mode": "rfid", "reason": "MSSQL library not available"}
[2026-03-23 15:31:44] [QUEUED] Offline queue: 220503 | {"name": "Jay Mehta", "mode": "rfid", "reason": "MSSQL library not available"}
[2026-03-23 15:31:44] [QUEUED] Offline queue: 220503 | {"name": "", "mode": "rfid", "reason": "MSSQL library not available"}
[2026-03-23 15:31:44] [QUEUED] Offline queue: 220503 | {"name": "Jay Mehta", "mode": "rfid", "reason": "MSSQL library not available"}
[2026-03-23 15:31:44] [QUEUED] Offline queue: 220503 | {"name": "", "mode": "rfid", "reason": "MSSQL library not available"}
[2026-03-23 15:31:45] [QUEUED] Offline queue: 220503 | {"name": "Jay Mehta", "mode": "rfid", "reason": "MSSQL library not available"}
[2026-03-23 15:31:46] [QUEUED] Offline queue: 220503 | {"name": "Jay Mehta", "mode": "rfid", "reason": "MSSQL library not available"}
[2026-03-23 15:31:46] [QUEUED] Offline queue: 220503 | {"name": "Jay Mehta", "mode": "rfid", "reason": "MSSQL library not available"}
[2026-03-23 15:31:46] [QUEUED] Offline queue: 220503 | {"name": "Jay Mehta", "mode": "rfid", "reason": "MSSQL library not available"}
[2026-03-23 15:31:47] [QUEUED] Offline queue: 220503 | {"name": "Jay Mehta", "mode": "rfid", "reason": "MSSQL library not available"}
[2026-03-23 15:31:47] [QUEUED] Offline queue: 220503 | {"name": "Jay Mehta", "mode": "rfid", "reason": "MSSQL library not available"}
[2026-03-23 15:31:47] [QUEUED] Offline queue: 220503 | {"name": "", "mode": "rfid", "reason": "MSSQL library not available"}
[2026-03-23 15:31:48] [QUEUED] Offline queue: 220503 | {"name": "Jay Mehta", "mode": "rfid", "reason": "MSSQL library not available"}
[2026-03-23 15:31:48] [QUEUED] Offline queue: 220503 | {"name": "Jay Mehta", "mode": "rfid", "reason": "MSSQL library not available"}
[2026-03-23 15:31:49] [QUEUED] Offline queue: 220503 | {"name": "Jay Mehta", "mode": "rfid", "reason": "MSSQL library not available"}
[2026-03-23 15:31:49] [QUEUED] Offline queue: 220503 | {"name": "Jay Mehta", "mode": "rfid", "reason": "MSSQL library not available"}
[2026-03-23 15:31:49] [QUEUED] Offline queue: 220503 | {"name": "Jay Mehta", "mode": "rfid", "reason": "MSSQL library not available"}
[2026-03-23 15:31:50] [QUEUED] Offline queue: 220503 | {"name": "Jay Mehta", "mode": "rfid", "reason": "MSSQL library not available"}
[2026-03-23 15:31:50] [QUEUED] Offline queue: 220503 | {"name": "Jay Mehta", "mode": "rfid", "reason": "MSSQL library not available"}
[2026-03-23 15:31:50] [QUEUED] Offline queue: 220503 | {"name": "", "mode": "rfid", "reason": "MSSQL library not available"}
[2026-03-23 15:31:51] [QUEUED] Offline queue: 220503 | {"name": "Jay Mehta", "mode": "rfid", "reason": "MSSQL library not available"}
[2026-03-23 15:31:51] [QUEUED] Offline queue: 220503 | {"name": "Jay Mehta", "mode": "rfid", "reason": "MSSQL library not available"}
[2026-03-23 15:31:51] [QUEUED] Offline queue: 220503 | {"name": "Jay Mehta", "mode": "rfid", "reason": "MSSQL library not available"}
[2026-03-23 15:31:52] [QUEUED] Offline queue: 220503 | {"name": "Jay Mehta", "mode": "rfid", "reason": "MSSQL library not available"}
[2026-03-23 15:31:52] [QUEUED] Offline queue: 220503 | {"name": "Jay Mehta", "mode": "rfid", "reason": "MSSQL library not available"}
[2026-03-23 15:31:52] [QUEUED] Offline queue: 909 | {"name": "dhs", "mode": "fingerprint", "reason": "MSSQL library not available"}
[2026-03-23 15:31:53] [QUEUED] Offline queue: 220503 | {"name": "Jay Mehta", "mode": "rfid", "reason": "MSSQL library not available"}
[2026-03-23 15:31:53] [QUEUED] Offline queue: 220503 | {"name": "Jay Mehta", "mode": "rfid", "reason": "MSSQL library not available"}
[2026-03-23 15:31:53] [QUEUED] Offline queue: 220503 | {"name": "", "mode": "rfid", "reason": "MSSQL library not available"}
[2026-03-23 15:31:53] [QUEUED] Offline queue: 909 | {"name": "dhs", "mode": "fingerprint", "reason": "MSSQL library not available"}
[2026-03-23 15:31:54] [QUEUED] Offline queue: 220503 | {"name": "Jay Mehta", "mode": "rfid", "reason": "MSSQL library not available"}
[2026-03-23 15:31:54] [QUEUED] Offline queue: 220503 | {"name": "Jay Mehta", "mode": "rfid", "reason": "MSSQL library not available"}
[2026-03-23 15:31:54] [QUEUED] Offline queue: 909 | {"name": "dhs", "mode": "fingerprint", "reason": "MSSQL library not available"}
[2026-03-23 15:31:54] [QUEUED] Offline queue: 909 | {"name": "dhs", "mode": "fingerprint", "reason": "MSSQL library not available"}
[2026-03-23 15:31:54] [QUEUED] Offline queue: 220503 | {"name": "Jay Mehta", "mode": "rfid", "reason": "MSSQL library not available"}
[2026-03-23 15:31:54] [QUEUED] Offline queue: 220503 | {"name": "", "mode": "rfid", "reason": "MSSQL library not available"}
[2026-03-23 15:31:55] [QUEUED] Offline queue: 220503 | {"name": "Jay Mehta", "mode": "rfid", "reason": "MSSQL library not available"}
[2026-03-23 15:31:56] [QUEUED] Offline queue: 220503 | {"name": "Jay Mehta", "mode": "rfid", "reason": "MSSQL library not available"}
[2026-03-23 15:31:56] [QUEUED] Offline queue: 220503 | {"name": "", "mode": "rfid", "reason": "MSSQL library not available"}
[2026-03-23 15:31:56] [QUEUED] Offline queue: 220503 | {"name": "Jay Mehta", "mode": "rfid", "reason": "MSSQL library not available"}
[2026-03-23 15:31:56] [QUEUED] Offline queue: 220503 | {"name": "Jay Mehta", "mode": "rfid", "reason": "MSSQL library not available"}
[2026-03-23 15:31:57] [QUEUED] Offline queue: 220503 | {"name": "Jay Mehta", "mode": "rfid", "reason": "MSSQL library not available"}
[2026-03-23 15:31:57] [QUEUED] Offline queue: 220503 | {"name": "Jay Mehta", "mode": "rfid", "reason": "MSSQL library not available"}
[2026-03-23 15:31:58] [QUEUED] Offline queue: 220503 | {"name": "Jay Mehta", "mode": "rfid", "reason": "MSSQL library not available"}
[2026-03-23 15:32:59] [QUEUED] Offline queue: 909 | {"name": "dhs", "mode": "fingerprint", "reason": "MSSQL library not available"}
[2026-03-23 15:33:03] [QUEUED] Offline queue: 220503 | {"name": "Jay Mehta", "mode": "rfid", "reason": "MSSQL library not available"}
[2026-03-23 15:33:04] [QUEUED] Offline queue: 220503 | {"name": "Jay Mehta", "mode": "rfid", "reason": "MSSQL library not available"}
[2026-03-23 15:33:04] [QUEUED] Offline queue: 220503 | {"name": "Jay Mehta", "mode": "rfid", "reason": "MSSQL library not available"}
[2026-03-23 15:33:19] [QUEUED] Offline queue: 909 | {"name": "dhs", "mode": "fingerprint", "reason": "MSSQL library not available"}
[2026-03-23 15:33:19] [QUEUED] Offline queue: 909 | {"name": "dhs", "mode": "fingerprint", "reason": "MSSQL library not available"}
[2026-03-23 15:33:26] [QUEUED] Offline queue: 220503 | {"name": "Jay Mehta", "mode": "rfid", "reason": "MSSQL library not available"}
[2026-03-23 15:33:26] [QUEUED] Offline queue: 220503 | {"name": "Jay Mehta", "mode": "rfid", "reason": "MSSQL library not available"}
[2026-03-23 15:33:26] [QUEUED] Offline queue: 220503 | {"name": "Jay Mehta", "mode": "rfid", "reason": "MSSQL library not available"}
[2026-03-23 15:33:26] [QUEUED] Offline queue: 220503 | {"name": "Jay Mehta", "mode": "rfid", "reason": "MSSQL library not available"}
[2026-03-23 15:33:30] [QUEUED] Offline queue: 220503 | {"name": "Jay Mehta", "mode": "rfid", "reason": "MSSQL library not available"}
[2026-03-23 15:33:30] [QUEUED] Offline queue: 220503 | {"name": "Jay Mehta", "mode": "rfid", "reason": "MSSQL library not available"}
[2026-03-23 15:33:30] [QUEUED] Offline queue: 220503 | {"name": "Jay Mehta", "mode": "rfid", "reason": "MSSQL library not available"}
[2026-03-23 15:33:31] [QUEUED] Offline queue: 220503 | {"name": "Jay Mehta", "mode": "rfid", "reason": "MSSQL library not available"}
[2026-03-23 15:33:32] [QUEUED] Offline queue: 220503 | {"name": "Jay Mehta", "mode": "rfid", "reason": "MSSQL library not available"}
[2026-03-23 15:33:33] [QUEUED] Offline queue: 220503 | {"name": "Jay Mehta", "mode": "rfid", "reason": "MSSQL library not available"}
[2026-03-23 15:33:33] [QUEUED] Offline queue: 220503 | {"name": "", "mode": "rfid", "reason": "MSSQL library not available"}
[2026-03-23 15:34:02] [QUEUED] Offline queue: 909 | {"name": "dhs", "mode": "face", "reason": "MSSQL library not available"}
[2026-03-23 15:34:02] [QUEUED] Offline queue: 909 | {"name": "dhs", "mode": "face", "reason": "MSSQL library not available"}
[2026-03-23 15:34:02] [QUEUED] Offline queue: 909 | {"name": "dhs", "mode": "face", "reason": "MSSQL library not available"}
[2026-03-23 15:34:02] [QUEUED] Offline queue: 909 | {"name": "dhs", "mode": "face", "reason": "MSSQL library not available"}
[2026-03-23 15:36:18] [QUEUED] Offline queue: 220503 | {"name": "Jay Mehta", "mode": "rfid", "reason": "MSSQL library not available"}
[2026-03-23 15:36:18] [QUEUED] Offline queue: 220503 | {"name": "Jay Mehta", "mode": "rfid", "reason": "MSSQL library not available"}
[2026-03-23 15:36:18] [QUEUED] Offline queue: 220503 | {"name": "Jay Mehta", "mode": "rfid", "reason": "MSSQL library not available"}
[2026-03-23 15:36:27] [QUEUED] Offline queue: 220503 | {"name": "Jay Mehta", "mode": "rfid", "reason": "MSSQL library not available"}
[2026-03-23 15:36:27] [QUEUED] Offline queue: 220503 | {"name": "Jay Mehta", "mode": "rfid", "reason": "MSSQL library not available"}
[2026-03-23 15:36:28] [QUEUED] Offline queue: 220503 | {"name": "Jay Mehta", "mode": "rfid", "reason": "MSSQL library not available"}
[2026-03-23 15:36:28] [QUEUED] Offline queue: 220503 | {"name": "", "mode": "rfid", "reason": "MSSQL library not available"}
[2026-03-23 15:36:34] [QUEUED] Offline queue: 909 | {"name": "dhs", "mode": "fingerprint", "reason": "MSSQL library not available"}
[2026-03-23 15:36:34] [QUEUED] Offline queue: 909 | {"name": "dhs", "mode": "fingerprint", "reason": "MSSQL library not available"}
[2026-03-23 15:36:47] [QUEUED] Offline queue: 909 | {"name": "dhs", "mode": "fingerprint", "reason": "MSSQL library not available"}
[2026-03-23 15:36:51] [QUEUED] Offline queue: 909 | {"name": "dhs", "mode": "fingerprint", "reason": "MSSQL library not available"}
[2026-03-23 15:37:48] [QUEUED] Offline queue: 909 | {"name": "dhs", "mode": "fingerprint", "reason": "MSSQL library not available"}
[2026-03-23 15:37:49] [QUEUED] Offline queue: 909 | {"name": "dhs", "mode": "fingerprint", "reason": "MSSQL library not available"}
[2026-03-23 15:37:54] [QUEUED] Offline queue: 909 | {"name": "dhs", "mode": "fingerprint", "reason": "MSSQL library not available"}
[2026-03-23 15:37:55] [QUEUED] Offline queue: 909 | {"name": "dhs", "mode": "fingerprint", "reason": "MSSQL library not available"}
[2026-03-23 15:37:56] [QUEUED] Offline queue: 909 | {"name": "dhs", "mode": "fingerprint", "reason": "MSSQL library not available"}
[2026-03-23 15:38:01] [QUEUED] Offline queue: 909 | {"name": "dhs", "mode": "fingerprint", "reason": "MSSQL library not available"}
[2026-03-23 15:38:02] [QUEUED] Offline queue: 909 | {"name": "dhs", "mode": "fingerprint", "reason": "MSSQL library not available"}
[2026-03-23 15:38:03] [QUEUED] Offline queue: 909 | {"name": "dhs", "mode": "fingerprint", "reason": "MSSQL library not available"}
[2026-03-23 15:38:14] [QUEUED] Offline queue: 909 | {"name": "dhs", "mode": "fingerprint", "reason": "MSSQL library not available"}
[2026-03-23 15:38:15] [QUEUED] Offline queue: 909 | {"name": "dhs", "mode": "fingerprint", "reason": "MSSQL library not available"}
[2026-03-23 15:38:16] [QUEUED] Offline queue: 909 | {"name": "dhs", "mode": "fingerprint", "reason": "MSSQL library not available"}
[2026-03-23 15:38:21] [QUEUED] Offline queue: 909 | {"name": "dhs", "mode": "fingerprint", "reason": "MSSQL library not available"}
[2026-03-23 15:38:22] [QUEUED] Offline queue: 909 | {"name": "dhs", "mode": "fingerprint", "reason": "MSSQL library not available"}
[2026-03-23 15:38:23] [QUEUED] Offline queue: 909 | {"name": "dhs", "mode": "fingerprint", "reason": "MSSQL library not available"}
[2026-03-23 15:38:32] [QUEUED] Offline queue: 909 | {"name": "dhs", "mode": "fingerprint", "reason": "MSSQL library not available"}
[2026-03-23 15:38:33] [QUEUED] Offline queue: 909 | {"name": "dhs", "mode": "fingerprint", "reason": "MSSQL library not available"}
[2026-03-23 15:38:38] [QUEUED] Offline queue: 909 | {"name": "dhs", "mode": "fingerprint", "reason": "MSSQL library not available"}
[2026-03-23 15:40:33] [QUEUED] Offline queue: 220503 | {"name": "Jay Mehta", "mode": "rfid", "reason": "MSSQL library not available"}
[2026-03-23 15:40:34] [QUEUED] Offline queue: 220503 | {"name": "Jay Mehta", "mode": "rfid", "reason": "MSSQL library not available"}
[2026-03-23 15:40:40] [QUEUED] Offline queue: 220503 | {"name": "Jay Mehta", "mode": "rfid", "reason": "MSSQL library not available"}
[2026-03-23 15:40:40] [QUEUED] Offline queue: 220503 | {"name": "Jay Mehta", "mode": "rfid", "reason": "MSSQL library not available"}
[2026-03-23 15:40:40] [QUEUED] Offline queue: 220503 | {"name": "Jay Mehta", "mode": "rfid", "reason": "MSSQL library not available"}
[2026-03-23 15:41:47] [QUEUED] Offline queue: 220503 | {"name": "Jay Mehta", "mode": "rfid", "reason": "MSSQL library not available"}
[2026-03-23 15:41:47] [QUEUED] Offline queue: 220503 | {"name": "Jay Mehta", "mode": "rfid", "reason": "MSSQL library not available"}
[2026-03-23 15:41:47] [QUEUED] Offline queue: 220503 | {"name": "Jay Mehta", "mode": "rfid", "reason": "MSSQL library not available"}
[2026-03-23 15:41:47] [QUEUED] Offline queue: 220503 | {"name": "Jay Mehta", "mode": "rfid", "reason": "MSSQL library not available"}
[2026-03-23 15:41:57] [QUEUED] Offline queue: 6 | {"name": "Unknown", "mode": "fingerprint", "reason": "MSSQL library not available"}
[2026-03-23 15:43:21] [QUEUED] Offline queue: 220503 | {"name": "Jay Mehta", "mode": "rfid", "reason": "MSSQL library not available"}
[2026-03-23 15:43:21] [QUEUED] Offline queue: 220503 | {"name": "Jay Mehta", "mode": "rfid", "reason": "MSSQL library not available"}
[2026-03-23 15:43:21] [QUEUED] Offline queue: 220503 | {"name": "Jay Mehta", "mode": "rfid", "reason": "MSSQL library not available"}
[2026-03-23 15:43:21] [QUEUED] Offline queue: 220503 | {"name": "Jay Mehta", "mode": "rfid", "reason": "MSSQL library not available"}
[2026-03-23 15:43:21] [QUEUED] Offline queue: 220503 | {"name": "Jay Mehta", "mode": "rfid", "reason": "MSSQL library not available"}
[2026-03-23 15:43:21] [QUEUED] Offline queue: 220503 | {"name": "Jay Mehta", "mode": "rfid", "reason": "MSSQL library not available"}
[2026-03-23 15:43:22] [QUEUED] Offline queue: 220503 | {"name": "Jay Mehta", "mode": "rfid", "reason": "MSSQL library not available"}
[2026-03-23 15:43:22] [QUEUED] Offline queue: 220503 | {"name": "Jay Mehta", "mode": "rfid", "reason": "MSSQL library not available"}
[2026-03-23 15:43:22] [QUEUED] Offline queue: 220503 | {"name": "", "mode": "rfid", "reason": "MSSQL library not available"}
[2026-03-23 15:43:22] [QUEUED] Offline queue: 220503 | {"name": "Jay Mehta", "mode": "rfid", "reason": "MSSQL library not available"}
[2026-03-23 15:43:22] [QUEUED] Offline queue: 220503 | {"name": "", "mode": "rfid", "reason": "MSSQL library not available"}
[2026-03-23 15:43:23] [QUEUED] Offline queue: 220503 | {"name": "Jay Mehta", "mode": "rfid", "reason": "MSSQL library not available"}
[2026-03-23 15:43:25] [QUEUED] Offline queue: 6 | {"name": "Unknown", "mode": "fingerprint", "reason": "MSSQL library not available"}
[2026-03-23 15:43:26] [QUEUED] Offline queue: 6 | {"name": "Unknown", "mode": "fingerprint", "reason": "MSSQL library not available"}
[2026-03-23 15:43:28] [QUEUED] Offline queue: 6 | {"name": "Unknown", "mode": "fingerprint", "reason": "MSSQL library not available"}
[2026-03-23 15:43:28] [QUEUED] Offline queue: 6 | {"name": "Unknown", "mode": "fingerprint", "reason": "MSSQL library not available"}
[2026-03-23 15:43:29] [QUEUED] Offline queue: 6 | {"name": "Unknown", "mode": "fingerprint", "reason": "MSSQL library not available"}
[2026-03-23 15:43:30] [QUEUED] Offline queue: 6 | {"name": "Unknown", "mode": "fingerprint", "reason": "MSSQL library not available"}
[2026-03-23 15:43:31] [QUEUED] Offline queue: 6 | {"name": "Unknown", "mode": "fingerprint", "reason": "MSSQL library not available"}
[2026-03-23 15:43:38] [QUEUED] Offline queue: 220503 | {"name": "Jay Mehta", "mode": "rfid", "reason": "MSSQL library not available"}
[2026-03-23 15:43:38] [QUEUED] Offline queue: 220503 | {"name": "Jay Mehta", "mode": "rfid", "reason": "MSSQL library not available"}
[2026-03-23 15:43:38] [QUEUED] Offline queue: 220503 | {"name": "Jay Mehta", "mode": "rfid", "reason": "MSSQL library not available"}
[2026-03-23 15:43:39] [QUEUED] Offline queue: 220503 | {"name": "Jay Mehta", "mode": "rfid", "reason": "MSSQL library not available"}
[2026-03-23 15:43:39] [QUEUED] Offline queue: 220503 | {"name": "Jay Mehta", "mode": "rfid", "reason": "MSSQL library not available"}
[2026-03-23 15:43:39] [QUEUED] Offline queue: 220503 | {"name": "Jay Mehta", "mode": "rfid", "reason": "MSSQL library not available"}
[2026-03-23 15:43:39] [QUEUED] Offline queue: 220503 | {"name": "Jay Mehta", "mode": "rfid", "reason": "MSSQL library not available"}
[2026-03-23 15:43:39] [QUEUED] Offline queue: 220503 | {"name": "Jay Mehta", "mode": "rfid", "reason": "MSSQL library not available"}
[2026-03-23 15:43:39] [QUEUED] Offline queue: 220503 | {"name": "Jay Mehta", "mode": "rfid", "reason": "MSSQL library not available"}
[2026-03-23 15:43:39] [QUEUED] Offline queue: 220503 | {"name": "Jay Mehta", "mode": "rfid", "reason": "MSSQL library not available"}
[2026-03-23 15:43:39] [QUEUED] Offline queue: 220503 | {"name": "Jay Mehta", "mode": "rfid", "reason": "MSSQL library not available"}
[2026-03-23 15:43:40] [QUEUED] Offline queue: 220503 | {"name": "Jay Mehta", "mode": "rfid", "reason": "MSSQL library not available"}
[2026-03-23 15:43:40] [QUEUED] Offline queue: 220503 | {"name": "Jay Mehta", "mode": "rfid", "reason": "MSSQL library not available"}
[2026-03-23 15:43:40] [QUEUED] Offline queue: 220503 | {"name": "Jay Mehta", "mode": "rfid", "reason": "MSSQL library not available"}
[2026-03-23 15:43:40] [QUEUED] Offline queue: 220503 | {"name": "", "mode": "rfid", "reason": "MSSQL library not available"}
[2026-03-23 15:43:57] [QUEUED] Offline queue: 22035 | {"name": "niki", "mode": "face", "reason": "MSSQL library not available"}
[2026-03-23 15:43:57] [QUEUED] Offline queue: 22035 | {"name": "niki", "mode": "face", "reason": "MSSQL library not available"}
[2026-03-23 15:43:57] [QUEUED] Offline queue: 22035 | {"name": "niki", "mode": "face", "reason": "MSSQL library not available"}
[2026-03-23 15:43:57] [QUEUED] Offline queue: 22035 | {"name": "niki", "mode": "face", "reason": "MSSQL library not available"}
[2026-03-23 15:43:57] [QUEUED] Offline queue: 22035 | {"name": "niki", "mode": "face", "reason": "MSSQL library not available"}
[2026-03-23 15:43:57] [QUEUED] Offline queue: 22035 | {"name": "niki", "mode": "face", "reason": "MSSQL library not available"}
[2026-03-23 15:44:01] [QUEUED] Offline queue: 22035 | {"name": "niki", "mode": "face", "reason": "MSSQL library not available"}
[2026-03-23 15:44:01] [QUEUED] Offline queue: 22035 | {"name": "niki", "mode": "face", "reason": "MSSQL library not available"}
[2026-03-23 15:44:01] [QUEUED] Offline queue: 22035 | {"name": "niki", "mode": "face", "reason": "MSSQL library not available"}
[2026-03-23 15:44:01] [QUEUED] Offline queue: 22035 | {"name": "niki", "mode": "face", "reason": "MSSQL library not available"}
[2026-03-23 15:44:08] [QUEUED] Offline queue: 220503 | {"name": "Jay Mehta", "mode": "rfid", "reason": "MSSQL library not available"}
[2026-03-23 15:44:08] [QUEUED] Offline queue: 220503 | {"name": "Jay Mehta", "mode": "rfid", "reason": "MSSQL library not available"}
[2026-03-23 15:44:09] [QUEUED] Offline queue: 220503 | {"name": "Jay Mehta", "mode": "rfid", "reason": "MSSQL library not available"}
[2026-03-23 15:44:09] [QUEUED] Offline queue: 220503 | {"name": "Jay Mehta", "mode": "rfid", "reason": "MSSQL library not available"}
[2026-03-23 15:44:09] [QUEUED] Offline queue: 220503 | {"name": "Jay Mehta", "mode": "rfid", "reason": "MSSQL library not available"}
[2026-03-23 15:44:09] [QUEUED] Offline queue: 220503 | {"name": "Jay Mehta", "mode": "rfid", "reason": "MSSQL library not available"}
[2026-03-23 15:44:09] [QUEUED] Offline queue: 220503 | {"name": "Jay Mehta", "mode": "rfid", "reason": "MSSQL library not available"}
[2026-03-23 15:44:09] [QUEUED] Offline queue: 220503 | {"name": "Jay Mehta", "mode": "rfid", "reason": "MSSQL library not available"}
[2026-03-23 15:44:09] [QUEUED] Offline queue: 220503 | {"name": "Jay Mehta", "mode": "rfid", "reason": "MSSQL library not available"}
[2026-03-23 15:44:09] [QUEUED] Offline queue: 220503 | {"name": "Jay Mehta", "mode": "rfid", "reason": "MSSQL library not available"}
[2026-03-23 15:44:09] [QUEUED] Offline queue: 220503 | {"name": "Jay Mehta", "mode": "rfid", "reason": "MSSQL library not available"}
[2026-03-23 15:44:10] [QUEUED] Offline queue: 220503 | {"name": "Jay Mehta", "mode": "rfid", "reason": "MSSQL library not available"}
[2026-03-23 15:44:10] [QUEUED] Offline queue: 220503 | {"name": "Jay Mehta", "mode": "rfid", "reason": "MSSQL library not available"}
[2026-03-23 15:44:10] [QUEUED] Offline queue: 220503 | {"name": "Jay Mehta", "mode": "rfid", "reason": "MSSQL library not available"}
[2026-03-23 15:44:10] [QUEUED] Offline queue: 220503 | {"name": "Jay Mehta", "mode": "rfid", "reason": "MSSQL library not available"}
[2026-03-23 15:44:10] [QUEUED] Offline queue: 220503 | {"name": "Jay Mehta", "mode": "rfid", "reason": "MSSQL library not available"}
[2026-03-23 15:44:10] [QUEUED] Offline queue: 220503 | {"name": "", "mode": "rfid", "reason": "MSSQL library not available"}
[2026-03-23 15:44:44] [QUEUED] Offline queue: 220503 | {"name": "Jay Mehta", "mode": "rfid", "reason": "MSSQL library not available"}
[2026-03-23 15:44:44] [QUEUED] Offline queue: 220503 | {"name": "Jay Mehta", "mode": "rfid", "reason": "MSSQL library not available"}
[2026-03-23 15:44:44] [QUEUED] Offline queue: 220503 | {"name": "Jay Mehta", "mode": "rfid", "reason": "MSSQL library not available"}
[2026-03-23 15:44:44] [QUEUED] Offline queue: 220503 | {"name": "Jay Mehta", "mode": "rfid", "reason": "MSSQL library not available"}
[2026-03-23 15:44:44] [QUEUED] Offline queue: 220503 | {"name": "Jay Mehta", "mode": "rfid", "reason": "MSSQL library not available"}
[2026-03-23 15:44:45] [QUEUED] Offline queue: 220503 | {"name": "Jay Mehta", "mode": "rfid", "reason": "MSSQL library not available"}
[2026-03-23 15:44:45] [QUEUED] Offline queue: 220503 | {"name": "Jay Mehta", "mode": "rfid", "reason": "MSSQL library not available"}
[2026-03-23 15:44:45] [QUEUED] Offline queue: 220503 | {"name": "Jay Mehta", "mode": "rfid", "reason": "MSSQL library not available"}
[2026-03-23 15:44:45] [QUEUED] Offline queue: 220503 | {"name": "Jay Mehta", "mode": "rfid", "reason": "MSSQL library not available"}
[2026-03-23 15:44:45] [QUEUED] Offline queue: 220503 | {"name": "Jay Mehta", "mode": "rfid", "reason": "MSSQL library not available"}
[2026-03-23 15:44:45] [QUEUED] Offline queue: 220503 | {"name": "Jay Mehta", "mode": "rfid", "reason": "MSSQL library not available"}
[2026-03-23 15:44:45] [QUEUED] Offline queue: 220503 | {"name": "Jay Mehta", "mode": "rfid", "reason": "MSSQL library not available"}
[2026-03-23 15:44:45] [QUEUED] Offline queue: 220503 | {"name": "Jay Mehta", "mode": "rfid", "reason": "MSSQL library not available"}
[2026-03-23 15:44:46] [QUEUED] Offline queue: 220503 | {"name": "Jay Mehta", "mode": "rfid", "reason": "MSSQL library not available"}
[2026-03-23 15:44:46] [QUEUED] Offline queue: 220503 | {"name": "Jay Mehta", "mode": "rfid", "reason": "MSSQL library not available"}
[2026-03-23 15:45:02] [QUEUED] Offline queue: 220503 | {"name": "Jay Mehta", "mode": "rfid", "reason": "MSSQL library not available"}
[2026-03-23 15:45:02] [QUEUED] Offline queue: 220503 | {"name": "Jay Mehta", "mode": "rfid", "reason": "MSSQL library not available"}
[2026-03-23 15:45:02] [QUEUED] Offline queue: 220503 | {"name": "Jay Mehta", "mode": "rfid", "reason": "MSSQL library not available"}
[2026-03-23 15:45:02] [QUEUED] Offline queue: 220503 | {"name": "Jay Mehta", "mode": "rfid", "reason": "MSSQL library not available"}
[2026-03-23 15:45:02] [QUEUED] Offline queue: 220503 | {"name": "Jay Mehta", "mode": "rfid", "reason": "MSSQL library not available"}
[2026-03-23 15:45:02] [QUEUED] Offline queue: 220503 | {"name": "Jay Mehta", "mode": "rfid", "reason": "MSSQL library not available"}
[2026-03-23 15:45:03] [QUEUED] Offline queue: 220503 | {"name": "Jay Mehta", "mode": "rfid", "reason": "MSSQL library not available"}
[2026-03-23 15:45:03] [QUEUED] Offline queue: 220503 | {"name": "Jay Mehta", "mode": "rfid", "reason": "MSSQL library not available"}
[2026-03-23 15:45:03] [QUEUED] Offline queue: 220503 | {"name": "Jay Mehta", "mode": "rfid", "reason": "MSSQL library not available"}
[2026-03-23 15:45:03] [QUEUED] Offline queue: 220503 | {"name": "Jay Mehta", "mode": "rfid", "reason": "MSSQL library not available"}
[2026-03-23 15:45:03] [QUEUED] Offline queue: 220503 | {"name": "Jay Mehta", "mode": "rfid", "reason": "MSSQL library not available"}
[2026-03-23 15:45:03] [QUEUED] Offline queue: 220503 | {"name": "Jay Mehta", "mode": "rfid", "reason": "MSSQL library not available"}
[2026-03-23 15:45:03] [QUEUED] Offline queue: 220503 | {"name": "Jay Mehta", "mode": "rfid", "reason": "MSSQL library not available"}
[2026-03-23 15:45:04] [QUEUED] Offline queue: 220503 | {"name": "Jay Mehta", "mode": "rfid", "reason": "MSSQL library not available"}
[2026-03-23 15:45:25] [QUEUED] Offline queue: 6 | {"name": "Unknown", "mode": "fingerprint", "reason": "MSSQL library not available"}
[2026-03-23 15:45:26] [QUEUED] Offline queue: 6 | {"name": "Unknown", "mode": "fingerprint", "reason": "MSSQL library not available"}
[2026-03-23 15:45:27] [QUEUED] Offline queue: 6 | {"name": "Unknown", "mode": "fingerprint", "reason": "MSSQL library not available"}
[2026-03-23 15:45:28] [QUEUED] Offline queue: 6 | {"name": "Unknown", "mode": "fingerprint", "reason": "MSSQL library not available"}
[2026-03-23 15:45:28] [QUEUED] Offline queue: 6 | {"name": "Unknown", "mode": "fingerprint", "reason": "MSSQL library not available"}
[2026-03-23 15:48:37] [QUEUED] Offline queue: 6 | {"name": "Unknown", "mode": "fingerprint", "reason": "MSSQL library not available"}
[2026-03-23 15:48:44] [QUEUED] Offline queue: 220503 | {"name": "Jay Mehta", "mode": "rfid", "reason": "MSSQL library not available"}
[2026-03-23 15:48:44] [QUEUED] Offline queue: 220503 | {"name": "Jay Mehta", "mode": "rfid", "reason": "MSSQL library not available"}
[2026-03-23 15:48:44] [QUEUED] Offline queue: 220503 | {"name": "Jay Mehta", "mode": "rfid", "reason": "MSSQL library not available"}
[2026-03-23 15:48:44] [QUEUED] Offline queue: 220503 | {"name": "Jay Mehta", "mode": "rfid", "reason": "MSSQL library not available"}
[2026-03-23 15:48:44] [QUEUED] Offline queue: 220503 | {"name": "Jay Mehta", "mode": "rfid", "reason": "MSSQL library not available"}
[2026-03-23 15:48:44] [QUEUED] Offline queue: 220503 | {"name": "Jay Mehta", "mode": "rfid", "reason": "MSSQL library not available"}
[2026-03-23 15:48:44] [QUEUED] Offline queue: 220503 | {"name": "Jay Mehta", "mode": "rfid", "reason": "MSSQL library not available"}
[2026-03-23 15:48:45] [QUEUED] Offline queue: 220503 | {"name": "Jay Mehta", "mode": "rfid", "reason": "MSSQL library not available"}
[2026-03-23 15:50:54] [QUEUED] Offline queue: 220503 | {"name": "Jay Mehta", "mode": "rfid", "reason": "MSSQL library not available"}
[2026-03-23 15:50:54] [QUEUED] Offline queue: 220503 | {"name": "Jay Mehta", "mode": "rfid", "reason": "MSSQL library not available"}
[2026-03-23 15:50:55] [QUEUED] Offline queue: 220503 | {"name": "Jay Mehta", "mode": "rfid", "reason": "MSSQL library not available"}
[2026-03-23 15:50:55] [QUEUED] Offline queue: 220503 | {"name": "", "mode": "rfid", "reason": "MSSQL library not available"}
[2026-03-23 15:51:02] [QUEUED] Offline queue: 220503 | {"name": "Jay Mehta", "mode": "rfid", "reason": "MSSQL library not available"}
[2026-03-23 15:51:02] [QUEUED] Offline queue: 220503 | {"name": "Jay Mehta", "mode": "rfid", "reason": "MSSQL library not available"}
[2026-03-23 15:51:02] [QUEUED] Offline queue: 220503 | {"name": "Jay Mehta", "mode": "rfid", "reason": "MSSQL library not available"}
[2026-03-23 15:51:05] [QUEUED] Offline queue: 220503 | {"name": "Jay Mehta", "mode": "rfid", "reason": "MSSQL library not available"}
[2026-03-23 15:51:09] [QUEUED] Offline queue: 220503 | {"name": "Jay Mehta", "mode": "rfid", "reason": "MSSQL library not available"}
[2026-03-23 15:51:14] [QUEUED] Offline queue: 6 | {"name": "Unknown", "mode": "fingerprint", "reason": "MSSQL library not available"}
[2026-03-23 15:51:36] [QUEUED] Offline queue: 6 | {"name": "Unknown", "mode": "fingerprint", "reason": "MSSQL library not available"}
[2026-03-23 15:52:19] [QUEUED] Offline queue: 6 | {"name": "Unknown", "mode": "fingerprint", "reason": "MSSQL library not available"}
[2026-03-23 15:52:25] [QUEUED] Offline queue: 6 | {"name": "Unknown", "mode": "fingerprint", "reason": "MSSQL library not available"}
[2026-03-23 15:53:23] [QUEUED] Offline queue: 22035 | {"name": "niki", "mode": "fingerprint", "reason": "MSSQL library not available"}
[2026-03-23 15:53:28] [QUEUED] Offline queue: 22035 | {"name": "niki", "mode": "fingerprint", "reason": "MSSQL library not available"}
[2026-03-23 15:56:58] [QUEUED] Offline queue: 220503 | {"name": "Jay Mehta", "mode": "rfid", "reason": "MSSQL library not available"}
[2026-03-23 15:56:58] [QUEUED] Offline queue: 220503 | {"name": "Jay Mehta", "mode": "rfid", "reason": "MSSQL library not available"}
[2026-03-23 15:56:58] [QUEUED] Offline queue: 220503 | {"name": "Jay Mehta", "mode": "rfid", "reason": "MSSQL library not available"}
[2026-03-23 15:56:59] [QUEUED] Offline queue: 220503 | {"name": "Jay Mehta", "mode": "rfid", "reason": "MSSQL library not available"}
[2026-03-23 15:56:59] [QUEUED] Offline queue: 220503 | {"name": "", "mode": "rfid", "reason": "MSSQL library not available"}
[2026-03-23 15:57:01] [QUEUED] Offline queue: 220503 | {"name": "Jay Mehta", "mode": "rfid", "reason": "MSSQL library not available"}
[2026-03-23 15:57:45] [QUEUED] Offline queue: 220503 | {"name": "Jay Mehta", "mode": "rfid", "reason": "MSSQL library not available"}
[2026-03-23 15:57:46] [QUEUED] Offline queue: 220503 | {"name": "Jay Mehta", "mode": "rfid", "reason": "MSSQL library not available"}
[2026-03-23 15:57:46] [QUEUED] Offline queue: 220503 | {"name": "Jay Mehta", "mode": "rfid", "reason": "MSSQL library not available"}
[2026-03-23 15:57:47] [QUEUED] Offline queue: 220503 | {"name": "Jay Mehta", "mode": "rfid", "reason": "MSSQL library not available"}
[2026-03-23 15:57:47] [QUEUED] Offline queue: 220503 | {"name": "Jay Mehta", "mode": "rfid", "reason": "MSSQL library not available"}
[2026-03-23 15:57:47] [QUEUED] Offline queue: 220503 | {"name": "", "mode": "rfid", "reason": "MSSQL library not available"}
[2026-03-23 16:00:04] [QUEUED] Offline queue: 220503 | {"name": "Jay Mehta", "mode": "rfid", "reason": "MSSQL library not available"}
[2026-03-23 16:03:30] [QUEUED] Offline queue: 220503 | {"name": "Jay Mehta", "mode": "rfid", "reason": "MSSQL library not available"}
[2026-03-23 16:03:30] [QUEUED] Offline queue: 220503 | {"name": "Jay Mehta", "mode": "rfid", "reason": "MSSQL library not available"}
[2026-03-23 16:37:11] [QUEUED] Offline queue: 220503 | {"name": "Jay Mehta", "mode": "rfid", "reason": "MSSQL library not available"}
[2026-03-23 16:37:11] [QUEUED] Offline queue: 220503 | {"name": "Jay Mehta", "mode": "rfid", "reason": "MSSQL library not available"}
[2026-03-23 16:37:11] [QUEUED] Offline queue: 220503 | {"name": "Jay Mehta", "mode": "rfid", "reason": "MSSQL library not available"}
[2026-03-23 16:37:11] [QUEUED] Offline queue: 220503 | {"name": "Jay Mehta", "mode": "rfid", "reason": "MSSQL library not available"}
[2026-03-23 16:37:12] [QUEUED] Offline queue: 220503 | {"name": "Jay Mehta", "mode": "rfid", "reason": "MSSQL library not available"}
[2026-04-02 00:05:20] [QUEUED] Offline queue: 999 | {"name": "GAPKING", "mode": "fingerprint", "reason": "MSSQL not configured"}
[2026-04-02 00:05:20] [QUEUED] Offline queue: 999 | {"name": "GAPKING", "mode": "fingerprint", "reason": "MSSQL not configured"}
[2026-04-02 00:05:22] [QUEUED] Offline queue: 999 | {"name": "GAPKING", "mode": "fingerprint", "reason": "MSSQL not configured"}
[2026-04-02 00:05:22] [QUEUED] Offline queue: 999 | {"name": "GAPKING", "mode": "fingerprint", "reason": "MSSQL not configured"}
[2026-04-02 14:21:07] [QUEUED] Offline queue: 3123 | {"name": "darshika", "mode": "fingerprint", "reason": "MSSQL not configured"}
[2026-04-02 14:24:51] [QUEUED] Offline queue: 45 | {"name": "Unknown", "mode": "fingerprint", "reason": "MSSQL not configured"}
[2026-04-02 14:24:51] [QUEUED] Offline queue: 45 | {"name": "Unknown", "mode": "fingerprint", "reason": "MSSQL not configured"}
[2026-04-02 14:24:52] [QUEUED] Offline queue: 45 | {"name": "Unknown", "mode": "fingerprint", "reason": "MSSQL not configured"}
[2026-04-02 14:24:52] [QUEUED] Offline queue: 45 | {"name": "Unknown", "mode": "fingerprint", "reason": "MSSQL not configured"}
[2026-04-02 14:26:19] [QUEUED] Offline queue: 44 | {"name": "Unknown", "mode": "fingerprint", "reason": "MSSQL not configured"}
[2026-04-02 14:26:20] [QUEUED] Offline queue: 44 | {"name": "Unknown", "mode": "fingerprint", "reason": "MSSQL not configured"}
[2026-04-02 14:26:20] [QUEUED] Offline queue: 44 | {"name": "Unknown", "mode": "fingerprint", "reason": "MSSQL not configured"}
[2026-04-02 14:26:22] [QUEUED] Offline queue: 44 | {"name": "Unknown", "mode": "fingerprint", "reason": "MSSQL not configured"}
[2026-04-02 14:26:22] [QUEUED] Offline queue: 44 | {"name": "Unknown", "mode": "fingerprint", "reason": "MSSQL not configured"}
[2026-04-02 14:26:23] [QUEUED] Offline queue: 44 | {"name": "Unknown", "mode": "fingerprint", "reason": "MSSQL not configured"}
[2026-04-02 14:26:23] [QUEUED] Offline queue: 44 | {"name": "Unknown", "mode": "fingerprint", "reason": "MSSQL not configured"}
[2026-04-11 20:54:55] [QUEUED] Offline queue: 2 | {"name": "sb", "mode": "fingerprint", "reason": "MSSQL not configured"}
[2026-04-11 20:54:57] [QUEUED] Offline queue: 2 | {"name": "sb", "mode": "fingerprint", "reason": "MSSQL not configured"}
[2026-04-11 20:55:01] [QUEUED] Offline queue: 2 | {"name": "sb", "mode": "face", "reason": "MSSQL not configured"}
[2026-04-11 20:55:01] [QUEUED] Offline queue: 2 | {"name": "sb", "mode": "face", "reason": "MSSQL not configured"}
[2026-04-11 20:55:02] [QUEUED] Offline queue: 2 | {"name": "sb", "mode": "face", "reason": "MSSQL not configured"}
[2026-04-11 20:55:02] [QUEUED] Offline queue: 2 | {"name": "sb", "mode": "face", "reason": "MSSQL not configured"}
[2026-04-11 21:02:59] [QUEUED] Offline queue: 2 | {"name": "sb", "mode": "rfid", "reason": "MSSQL not configured"}
[2026-04-11 21:02:59] [QUEUED] Offline queue: 2 | {"name": "sb", "mode": "rfid", "reason": "MSSQL not configured"}
[2026-04-11 21:02:59] [QUEUED] Offline queue: 2 | {"name": "sb", "mode": "rfid", "reason": "MSSQL not configured"}
[2026-04-11 21:02:59] [QUEUED] Offline queue: 2 | {"name": "sb", "mode": "rfid", "reason": "MSSQL not configured"}
[2026-04-11 21:03:00] [QUEUED] Offline queue: 2 | {"name": "sb", "mode": "rfid", "reason": "MSSQL not configured"}
[2026-04-11 21:03:11] [QUEUED] Offline queue: 2 | {"name": "sb", "mode": "fingerprint", "reason": "MSSQL not configured"}
[2026-04-11 21:03:13] [QUEUED] Offline queue: 2 | {"name": "sb", "mode": "fingerprint", "reason": "MSSQL not configured"}
[2026-04-11 21:03:20] [QUEUED] Offline queue: 2 | {"name": "sb", "mode": "face", "reason": "MSSQL not configured"}
[2026-04-11 21:03:20] [QUEUED] Offline queue: 2 | {"name": "sb", "mode": "face", "reason": "MSSQL not configured"}
[2026-04-11 21:03:20] [QUEUED] Offline queue: 2 | {"name": "sb", "mode": "face", "reason": "MSSQL not configured"}
[2026-04-11 21:03:20] [QUEUED] Offline queue: 2 | {"name": "sb", "mode": "face", "reason": "MSSQL not configured"}
[2026-04-12 01:11:31] [QUEUED] Offline queue: 999 | {"name": "GAPKING", "mode": "fingerprint", "reason": "MSSQL not configured"}
[2026-04-12 01:11:33] [QUEUED] Offline queue: 999 | {"name": "GAPKING", "mode": "fingerprint", "reason": "MSSQL not configured"}
[2026-04-12 01:11:34] [QUEUED] Offline queue: 999 | {"name": "GAPKING", "mode": "fingerprint", "reason": "MSSQL not configured"}
[2026-04-12 19:57:26] [QUEUED] Offline queue: 220503 | {"name": "Jay Mehta", "mode": "face", "reason": "MSSQL not configured"}
[2026-04-12 19:57:26] [QUEUED] Offline queue: 220503 | {"name": "Jay Mehta", "mode": "face", "reason": "MSSQL not configured"}
[2026-04-12 19:57:26] [QUEUED] Offline queue: 220503 | {"name": "Jay Mehta", "mode": "face", "reason": "MSSQL not configured"}
[2026-04-12 19:57:26] [QUEUED] Offline queue: 220503 | {"name": "Jay Mehta", "mode": "face", "reason": "MSSQL not configured"}
[2026-04-12 20:04:14] [QUEUED] Offline queue: 220503 | {"name": "Jay Mehta", "mode": "face", "reason": "MSSQL not configured"}
[2026-04-12 20:04:14] [QUEUED] Offline queue: 220503 | {"name": "Jay Mehta", "mode": "face", "reason": "MSSQL not configured"}
[2026-04-12 20:04:15] [QUEUED] Offline queue: 220503 | {"name": "Jay Mehta", "mode": "face", "reason": "MSSQL not configured"}
[2026-04-12 20:04:15] [QUEUED] Offline queue: 220503 | {"name": "Jay Mehta", "mode": "face", "reason": "MSSQL not configured"}
[2026-04-12 20:14:09] [QUEUED] Offline queue: 220503 | {"name": "Jay Mehta", "mode": "fingerprint", "reason": "MSSQL not configured"}
[2026-04-12 20:14:11] [QUEUED] Offline queue: 220503 | {"name": "Jay Mehta", "mode": "fingerprint", "reason": "MSSQL not configured"}
[2026-04-12 20:14:12] [QUEUED] Offline queue: 220503 | {"name": "Jay Mehta", "mode": "fingerprint", "reason": "MSSQL not configured"}
[2026-04-12 20:16:59] [QUEUED] Offline queue: 220503 | {"name": "Jay Mehta", "mode": "fingerprint", "reason": "MSSQL not configured"}
[2026-04-12 20:17:01] [QUEUED] Offline queue: 220503 | {"name": "Jay Mehta", "mode": "fingerprint", "reason": "MSSQL not configured"}
[2026-04-12 20:17:02] [QUEUED] Offline queue: 220503 | {"name": "Jay Mehta", "mode": "fingerprint", "reason": "MSSQL not configured"}
[2026-04-12 20:21:15] [QUEUED] Offline queue: 220503 | {"name": "Jay Mehta", "mode": "fingerprint", "reason": "MSSQL not configured"}
[2026-04-12 20:21:17] [QUEUED] Offline queue: 220503 | {"name": "Jay Mehta", "mode": "fingerprint", "reason": "MSSQL not configured"}
[2026-04-12 20:21:18] [QUEUED] Offline queue: 220503 | {"name": "Jay Mehta", "mode": "fingerprint", "reason": "MSSQL not configured"}
[2026-04-12 20:22:55] [QUEUED] Offline queue: 220503 | {"name": "Jay Mehta", "mode": "fingerprint", "reason": "MSSQL not configured"}
[2026-04-12 20:22:56] [QUEUED] Offline queue: 220503 | {"name": "Jay Mehta", "mode": "fingerprint", "reason": "MSSQL not configured"}
[2026-04-12 20:22:57] [QUEUED] Offline queue: 220503 | {"name": "Jay Mehta", "mode": "fingerprint", "reason": "MSSQL not configured"}
[2026-04-12 20:24:46] [QUEUED] Offline queue: 220503 | {"name": "Jay Mehta", "mode": "fingerprint", "reason": "MSSQL not configured"}
[2026-04-12 20:24:48] [QUEUED] Offline queue: 220503 | {"name": "Jay Mehta", "mode": "fingerprint", "reason": "MSSQL not configured"}
[2026-04-12 20:24:49] [QUEUED] Offline queue: 220503 | {"name": "Jay Mehta", "mode": "fingerprint", "reason": "MSSQL not configured"}
[2026-04-12 20:25:14] [QUEUED] Offline queue: 220503 | {"name": "Jay Mehta", "mode": "face", "reason": "MSSQL not configured"}
[2026-04-12 20:25:14] [QUEUED] Offline queue: 220503 | {"name": "Jay Mehta", "mode": "face", "reason": "MSSQL not configured"}
[2026-04-12 20:25:23] [QUEUED] Offline queue: 220503 | {"name": "Jay Mehta", "mode": "face", "reason": "MSSQL not configured"}
[2026-04-12 20:25:23] [QUEUED] Offline queue: 220503 | {"name": "Jay Mehta", "mode": "face", "reason": "MSSQL not configured"}
[2026-04-12 20:25:23] [QUEUED] Offline queue: 220503 | {"name": "Jay Mehta", "mode": "face", "reason": "MSSQL not configured"}
[2026-04-12 20:25:23] [QUEUED] Offline queue: 220503 | {"name": "Jay Mehta", "mode": "face", "reason": "MSSQL not configured"}
                                                                                                                                                                                                                                                                                                                                                                                                                                                                                                                                                                                                                                                                                                                                                                                                                                                                                                                                                                                                                                                                                                                                                                                                                                                                                                                                                                                                                                                     [2026-04-13 10:52:17] [QUEUED] Offline queue: 2003 | {"name": "darshi", "mode": "rfid", "reason": "MSSQL not configured"}
[2026-04-13 10:52:17] [QUEUED] Offline queue: 2003 | {"name": "darshi", "mode": "rfid", "reason": "MSSQL not configured"}
[2026-04-13 10:52:18] [QUEUED] Offline queue: 2003 | {"name": "darshi", "mode": "rfid", "reason": "MSSQL not configured"}
[2026-04-13 10:52:24] [QUEUED] Offline queue: 2003 | {"name": "darshi", "mode": "fingerprint", "reason": "MSSQL not configured"}
[2026-04-13 10:52:26] [QUEUED] Offline queue: 2003 | {"name": "darshi", "mode": "fingerprint", "reason": "MSSQL not configured"}
[2026-04-13 10:52:29] [QUEUED] Offline queue: 2003 | {"name": "darshi", "mode": "face", "reason": "MSSQL not configured"}
[2026-04-13 10:52:29] [QUEUED] Offline queue: 2003 | {"name": "darshi", "mode": "face", "reason": "MSSQL not configured"}
[2026-04-13 10:52:30] [QUEUED] Offline queue: 2003 | {"name": "darshi", "mode": "face", "reason": "MSSQL not configured"}
[2026-04-13 10:52:30] [QUEUED] Offline queue: 2003 | {"name": "darshi", "mode": "face", "reason": "MSSQL not configured"}
[2026-04-13 10:55:39] [QUEUED] Offline queue: 2003 | {"name": "darshi", "mode": "fingerprint", "reason": "MSSQL not configured"}
[2026-04-13 10:55:40] [QUEUED] Offline queue: 2003 | {"name": "darshi", "mode": "fingerprint", "reason": "MSSQL not configured"}
[2026-04-13 10:55:56] [QUEUED] Offline queue: 2003 | {"name": "darshi", "mode": "fingerprint", "reason": "MSSQL not configured"}
[2026-04-13 10:55:57] [QUEUED] Offline queue: 2003 | {"name": "darshi", "mode": "fingerprint", "reason": "MSSQL not configured"}
[2026-04-13 11:02:24] [QUEUED] Offline queue: 2003 | {"name": "darshi", "mode": "fingerprint", "reason": "MSSQL not configured"}
[2026-04-13 11:02:25] [QUEUED] Offline queue: 2003 | {"name": "darshi", "mode": "fingerprint", "reason": "MSSQL not configured"}
[2026-04-13 11:10:18] [QUEUED] Offline queue: 2003 | {"name": "darshi", "mode": "fingerprint", "reason": "MSSQL not configured"}
[2026-04-13 11:10:19] [QUEUED] Offline queue: 2003 | {"name": "darshi", "mode": "fingerprint", "reason": "MSSQL not configured"}
[2026-04-13 11:18:59] [QUEUED] Offline queue: 2003 | {"name": "darshi", "mode": "fingerprint", "reason": "MSSQL not configured"}
[2026-04-13 11:19:01] [QUEUED] Offline queue: 2003 | {"name": "darshi", "mode": "fingerprint", "reason": "MSSQL not configured"}
[2026-04-13 11:19:02] [QUEUED] Offline queue: 2003 | {"name": "darshi", "mode": "fingerprint", "reason": "MSSQL not configured"}
[2026-04-13 11:34:43] [QUEUED] Offline queue: 220503 | {"name": "Jay Mehta", "mode": "fingerprint", "reason": "MSSQL not configured"}
[2026-04-13 11:34:44] [QUEUED] Offline queue: 220503 | {"name": "Jay Mehta", "mode": "fingerprint", "reason": "MSSQL not configured"}
[2026-04-13 13:33:26] [QUEUED] Offline queue: 220503 | {"name": "Jay Mehta", "mode": "fingerprint", "reason": "MSSQL not configured"}
[2026-04-13 13:33:27] [QUEUED] Offline queue: 220503 | {"name": "Jay Mehta", "mode": "fingerprint", "reason": "MSSQL not configured"}
[2026-04-13 15:31:16] [QUEUED] Offline queue: 220503 | {"name": "Jay Mehta", "mode": "fingerprint", "reason": "MSSQL not configured"}
[2026-04-13 15:31:17] [QUEUED] Offline queue: 220503 | {"name": "Jay Mehta", "mode": "fingerprint", "reason": "MSSQL not configured"}
[2026-04-13 15:31:18] [QUEUED] Offline queue: 220503 | {"name": "Jay Mehta", "mode": "fingerprint", "reason": "MSSQL not configured"}
[2026-04-13 15:52:47] [QUEUED] Offline queue: 220503 | {"name": "Jay Mehta", "mode": "fingerprint", "reason": "MSSQL not configured"}
[2026-04-13 15:52:48] [QUEUED] Offline queue: 220503 | {"name": "Jay Mehta", "mode": "fingerprint", "reason": "MSSQL not configured"}
[2026-04-13 15:52:49] [QUEUED] Offline queue: 220503 | {"name": "Jay Mehta", "mode": "fingerprint", "reason": "MSSQL not configured"}
[2026-04-13 15:52:53] [QUEUED] Offline queue: 220503 | {"name": "Jay Mehta", "mode": "fingerprint", "reason": "MSSQL not configured"}
[2026-04-14 10:14:37] [QUEUED] Offline queue: 2003 | {"name": "darshika", "mode": "fingerprint", "reason": "MSSQL not configured"}
[2026-04-14 10:14:56] [QUEUED] Offline queue: 2003 | {"name": "darshika", "mode": "fingerprint", "reason": "MSSQL not configured"}
[2026-04-14 10:14:57] [QUEUED] Offline queue: 2003 | {"name": "darshika", "mode": "fingerprint", "reason": "MSSQL not configured"}
[2026-04-14 10:12:14] [QUEUED] Offline queue: 2003 | {"name": "darshika", "mode": "fingerprint", "reason": "MSSQL not configured"}
[2026-04-14 10:12:16] [QUEUED] Offline queue: 2003 | {"name": "darshika", "mode": "fingerprint", "reason": "MSSQL not configured"}
[2026-04-14 10:12:17] [QUEUED] Offline queue: 2003 | {"name": "darshika", "mode": "fingerprint", "reason": "MSSQL not configured"}
[2026-04-14 10:48:30] [QUEUED] Offline queue: 2003 | {"name": "darshika", "mode": "fingerprint", "reason": "MSSQL not configured"}
[2026-04-14 10:53:19] [QUEUED] Offline queue: 2003 | {"name": "darshika", "mode": "fingerprint", "reason": "MSSQL not configured"}
[2026-04-14 10:53:21] [QUEUED] Offline queue: 2003 | {"name": "darshika", "mode": "fingerprint", "reason": "MSSQL not configured"}
[2026-04-14 10:53:22] [QUEUED] Offline queue: 2003 | {"name": "darshika", "mode": "fingerprint", "reason": "MSSQL not configured"}
